#
# There is insufficient memory for the Java Runtime Environment to continue.
# Native memory allocation (malloc) failed to allocate 298576 bytes for Chunk::new
# Possible reasons:
#   The system is out of physical RAM or swap space
#   The process is running with CompressedOops enabled, and the Java Heap may be blocking the growth of the native heap
# Possible solutions:
#   Reduce memory load on the system
#   Increase physical memory or swap space
#   Check if swap backing store is full
#   Decrease Java heap size (-Xmx/-Xms)
#   Decrease number of Java threads
#   Decrease Java thread stack sizes (-Xss)
#   Set larger code cache with -XX:ReservedCodeCacheSize=
#   JVM is running with Unscaled Compressed Oops mode in which the Java heap is
#     placed in the first 4GB address space. The Java Heap base address is the
#     maximum limit for the native heap growth. Please use -XX:HeapBaseMinAddress
#     to set the Java Heap base and to place the Java Heap above 4GB virtual address.
# This output file may be truncated or incomplete.
#
#  Out of Memory Error (./open/src/hotspot/share/memory/arena.cpp:195), pid=15060, tid=16396
#
# JRE version: Java(TM) SE Runtime Environment (14.0.2+12) (build 14.0.2+12-46)
# Java VM: Java HotSpot(TM) 64-Bit Server VM (14.0.2+12-46, mixed mode, sharing, tiered, compressed oops, g1 gc, windows-amd64)
# No core dump will be written. Minidumps are not enabled by default on client versions of Windows
#

---------------  S U M M A R Y ------------

Command Line: -XX:MaxMetaspaceSize=256m -XX:+HeapDumpOnOutOfMemoryError --add-opens=java.base/java.util=ALL-UNNAMED --add-opens=java.base/java.lang=ALL-UNNAMED --add-opens=java.base/java.lang.invoke=ALL-UNNAMED --add-opens=java.base/java.util=ALL-UNNAMED --add-opens=java.prefs/java.util.prefs=ALL-UNNAMED --add-opens=java.prefs/java.util.prefs=ALL-UNNAMED --add-opens=java.base/java.nio.charset=ALL-UNNAMED --add-opens=java.base/java.net=ALL-UNNAMED --add-opens=java.base/java.util.concurrent.atomic=ALL-UNNAMED -Xms256m -Xmx512m -Dfile.encoding=windows-1252 -Duser.country=DE -Duser.language=de -Duser.variant org.gradle.launcher.daemon.bootstrap.GradleDaemon 7.2

Host: AMD Ryzen 5 2500U with Radeon Vega Mobile Gfx  , 8 cores, 6G,  Windows 10 , 64 bit Build 19041 (10.0.19041.1151)
Time: Mon Oct 11 19:30:14 2021 Mitteleuropäische Sommerzeit elapsed time: 844 seconds (0d 0h 14m 4s)

---------------  T H R E A D  ---------------

Current thread (0x000001e0e3541000):  JavaThread "C2 CompilerThread0" daemon [_thread_in_native, id=16396, stack(0x00000002d8500000,0x00000002d8600000)]


Current CompileTask:
C2: 844677 17950       4       java.lang.invoke.LambdaForm$Name::replaceNames (174 bytes)

Stack: [0x00000002d8500000,0x00000002d8600000]
Native frames: (J=compiled Java code, j=interpreted, Vv=VM code, C=native code)
V  [jvm.dll+0x5f8a9a]
V  [jvm.dll+0x74247a]
V  [jvm.dll+0x743c2f]
V  [jvm.dll+0x744273]
V  [jvm.dll+0x20d288]
V  [jvm.dll+0xabb07]
V  [jvm.dll+0xac1fc]
V  [jvm.dll+0x276db4]
V  [jvm.dll+0x50cffa]
V  [jvm.dll+0x1ee036]
V  [jvm.dll+0x1e7716]
V  [jvm.dll+0x1e4f98]
V  [jvm.dll+0x1779cc]
V  [jvm.dll+0x1f4105]
V  [jvm.dll+0x1f22eb]
V  [jvm.dll+0x7070cd]
V  [jvm.dll+0x6ffeda]
V  [jvm.dll+0x5f78f6]
C  [ucrtbase.dll+0x21bb2]
C  [KERNEL32.DLL+0x17034]
C  [ntdll.dll+0x52651]


---------------  P R O C E S S  ---------------

Threads class SMR info:
_java_thread_list=0x000001e0e90b9170, length=64, elements={
0x000001e0c7d0f000, 0x000001e0e3520000, 0x000001e0e3521000, 0x000001e0e353d800,
0x000001e0e353e800, 0x000001e0e3540000, 0x000001e0e3541000, 0x000001e0e354e000,
0x000001e0e3552800, 0x000001e0e3fc2800, 0x000001e0e3fc9000, 0x000001e0e4d6e800,
0x000001e0e50b4800, 0x000001e0e59f2000, 0x000001e0e578c800, 0x000001e0e578b800,
0x000001e0e578d000, 0x000001e0e578f000, 0x000001e0e5789000, 0x000001e0e9161000,
0x000001e0e9160800, 0x000001e0e9163800, 0x000001e0e9162000, 0x000001e0e9163000,
0x000001e0e9164800, 0x000001e0e9165000, 0x000001e0e915f800, 0x000001e0e916c800,
0x000001e0e916d800, 0x000001e0ead3b800, 0x000001e0ef865000, 0x000001e0ef867000,
0x000001e0ef868800, 0x000001e0ef867800, 0x000001e0ef869000, 0x000001e0ef86b000,
0x000001e0ef86a000, 0x000001e0ef86b800, 0x000001e0ef866000, 0x000001e0ef871800,
0x000001e0ef870800, 0x000001e0ef872000, 0x000001e0ef86c800, 0x000001e0ef873000,
0x000001e0ef86e000, 0x000001e0ef86d800, 0x000001e0ef874000, 0x000001e0ef870000,
0x000001e0ef86f000, 0x000001e0ead3a800, 0x000001e0ead3c000, 0x000001e0ead38000,
0x000001e0ead3d000, 0x000001e0ead3e800, 0x000001e0ead39000, 0x000001e0ead3e000,
0x000001e0ead3f800, 0x000001e0ead39800, 0x000001e0ead46000, 0x000001e0ead41000,
0x000001e0ead42000, 0x000001e0ead43800, 0x000001e0ead44800, 0x000001e0ead40000
}

Java Threads: ( => current thread )
  0x000001e0c7d0f000 JavaThread "main" [_thread_blocked, id=11808, stack(0x00000002d7900000,0x00000002d7a00000)]
  0x000001e0e3520000 JavaThread "Reference Handler" daemon [_thread_blocked, id=16668, stack(0x00000002d8000000,0x00000002d8100000)]
  0x000001e0e3521000 JavaThread "Finalizer" daemon [_thread_blocked, id=2304, stack(0x00000002d8100000,0x00000002d8200000)]
  0x000001e0e353d800 JavaThread "Signal Dispatcher" daemon [_thread_blocked, id=6140, stack(0x00000002d8200000,0x00000002d8300000)]
  0x000001e0e353e800 JavaThread "Attach Listener" daemon [_thread_blocked, id=15464, stack(0x00000002d8300000,0x00000002d8400000)]
  0x000001e0e3540000 JavaThread "Service Thread" daemon [_thread_blocked, id=12204, stack(0x00000002d8400000,0x00000002d8500000)]
=>0x000001e0e3541000 JavaThread "C2 CompilerThread0" daemon [_thread_in_native, id=16396, stack(0x00000002d8500000,0x00000002d8600000)]
  0x000001e0e354e000 JavaThread "C1 CompilerThread0" daemon [_thread_blocked, id=10612, stack(0x00000002d8600000,0x00000002d8700000)]
  0x000001e0e3552800 JavaThread "Sweeper thread" daemon [_thread_blocked, id=13960, stack(0x00000002d8700000,0x00000002d8800000)]
  0x000001e0e3fc2800 JavaThread "Common-Cleaner" daemon [_thread_blocked, id=11828, stack(0x00000002d8800000,0x00000002d8900000)]
  0x000001e0e3fc9000 JavaThread "Notification Thread" daemon [_thread_blocked, id=12620, stack(0x00000002d8900000,0x00000002d8a00000)]
  0x000001e0e4d6e800 JavaThread "Daemon health stats" [_thread_blocked, id=4808, stack(0x00000002d9100000,0x00000002d9200000)]
  0x000001e0e50b4800 JavaThread "Incoming local TCP Connector on port 62338" [_thread_in_native, id=244, stack(0x00000002d8b00000,0x00000002d8c00000)]
  0x000001e0e59f2000 JavaThread "Daemon periodic checks" [_thread_blocked, id=14268, stack(0x00000002d9200000,0x00000002d9300000)]
  0x000001e0e578c800 JavaThread "Cache worker for journal cache (C:\Users\tarek\.gradle\caches\journal-1)" [_thread_blocked, id=1956, stack(0x00000002d9a00000,0x00000002d9b00000)]
  0x000001e0e578b800 JavaThread "File lock request listener" [_thread_in_native, id=10156, stack(0x00000002d9b00000,0x00000002d9c00000)]
  0x000001e0e578d000 JavaThread "Cache worker for file hash cache (C:\Users\tarek\.gradle\caches\7.2\fileHashes)" [_thread_blocked, id=7852, stack(0x00000002d9c00000,0x00000002d9d00000)]
  0x000001e0e578f000 JavaThread "File watcher server" daemon [_thread_in_native, id=17052, stack(0x00000002da000000,0x00000002da100000)]
  0x000001e0e5789000 JavaThread "File watcher consumer" daemon [_thread_blocked, id=7872, stack(0x00000002da100000,0x00000002da200000)]
  0x000001e0e9161000 JavaThread "jar transforms" [_thread_blocked, id=13272, stack(0x00000002d9d00000,0x00000002d9e00000)]
  0x000001e0e9160800 JavaThread "jar transforms Thread 2" [_thread_blocked, id=10424, stack(0x00000002d9f00000,0x00000002da000000)]
  0x000001e0e9163800 JavaThread "jar transforms Thread 3" [_thread_blocked, id=14648, stack(0x00000002da200000,0x00000002da300000)]
  0x000001e0e9162000 JavaThread "jar transforms Thread 4" [_thread_blocked, id=9520, stack(0x00000002da300000,0x00000002da400000)]
  0x000001e0e9163000 JavaThread "jar transforms Thread 5" [_thread_blocked, id=3024, stack(0x00000002da400000,0x00000002da500000)]
  0x000001e0e9164800 JavaThread "jar transforms Thread 6" [_thread_blocked, id=13992, stack(0x00000002da500000,0x00000002da600000)]
  0x000001e0e9165000 JavaThread "jar transforms Thread 7" [_thread_blocked, id=6012, stack(0x00000002da600000,0x00000002da700000)]
  0x000001e0e915f800 JavaThread "jar transforms Thread 8" [_thread_blocked, id=8824, stack(0x00000002da700000,0x00000002da800000)]
  0x000001e0e916c800 JavaThread "Cache worker for execution history cache (C:\Users\tarek\.gradle\caches\7.2\executionHistory)" [_thread_blocked, id=12116, stack(0x00000002db000000,0x00000002db100000)]
  0x000001e0e916d800 JavaThread "Cache worker for file content cache (C:\Users\tarek\.gradle\caches\7.2\fileContent)" [_thread_blocked, id=3556, stack(0x00000002db100000,0x00000002db200000)]
  0x000001e0ead3b800 JavaThread "Memory manager" [_thread_blocked, id=14460, stack(0x00000002dd100000,0x00000002dd200000)]
  0x000001e0ef865000 JavaThread "Cache worker for Java compile cache (C:\Users\tarek\.gradle\caches\7.2\javaCompile)" [_thread_blocked, id=5168, stack(0x00000002df500000,0x00000002df600000)]
  0x000001e0ef867000 JavaThread "Daemon Thread 3" [_thread_blocked, id=5940, stack(0x00000002d7600000,0x00000002d7700000)]
  0x000001e0ef868800 JavaThread "Handler for socket connection from /127.0.0.1:62338 to /127.0.0.1:62034" [_thread_in_native, id=6348, stack(0x00000002d9300000,0x00000002d9400000)]
  0x000001e0ef867800 JavaThread "Cancel handler" [_thread_blocked, id=13356, stack(0x00000002d9400000,0x00000002d9500000)]
  0x000001e0ef869000 JavaThread "Daemon worker Thread 3" [_thread_blocked, id=14956, stack(0x00000002d9500000,0x00000002d9600000)]
  0x000001e0ef86b000 JavaThread "Asynchronous log dispatcher for DefaultDaemonConnection: socket connection from /127.0.0.1:62338 to /127.0.0.1:62034" [_thread_blocked, id=2572, stack(0x00000002d9600000,0x00000002d9700000)]
  0x000001e0ef86a000 JavaThread "Stdin handler" [_thread_blocked, id=7612, stack(0x00000002d9700000,0x00000002d9800000)]
  0x000001e0ef86b800 JavaThread "Daemon client event forwarder" [_thread_blocked, id=9976, stack(0x00000002d9800000,0x00000002d9900000)]
  0x000001e0ef866000 JavaThread "Cache worker for file hash cache (C:\Users\tarek\webtech\.gradle\7.2\fileHashes)" [_thread_blocked, id=16188, stack(0x00000002d9900000,0x00000002d9a00000)]
  0x000001e0ef871800 JavaThread "Cache worker for checksums cache (C:\Users\tarek\webtech\.gradle\checksums)" [_thread_blocked, id=10216, stack(0x00000002d9e00000,0x00000002d9f00000)]
  0x000001e0ef870800 JavaThread "Cache worker for cache directory md-supplier (C:\Users\tarek\.gradle\caches\7.2\md-supplier)" [_thread_blocked, id=9712, stack(0x00000002da800000,0x00000002da900000)]
  0x000001e0ef872000 JavaThread "Cache worker for cache directory md-rule (C:\Users\tarek\.gradle\caches\7.2\md-rule)" [_thread_blocked, id=1604, stack(0x00000002da900000,0x00000002daa00000)]
  0x000001e0ef86c800 JavaThread "Cache worker for dependencies-accessors (C:\Users\tarek\webtech\.gradle\7.2\dependencies-accessors)" [_thread_blocked, id=7156, stack(0x00000002dad00000,0x00000002dae00000)]
  0x000001e0ef873000 JavaThread "Cache worker for Build Output Cleanup Cache (C:\Users\tarek\webtech\.gradle\buildOutputCleanup)" [_thread_blocked, id=12740, stack(0x00000002dae00000,0x00000002daf00000)]
  0x000001e0ef86e000 JavaThread "Unconstrained build operations" [_thread_blocked, id=12784, stack(0x00000002daf00000,0x00000002db000000)]
  0x000001e0ef86d800 JavaThread "Unconstrained build operations Thread 2" [_thread_blocked, id=11260, stack(0x00000002db200000,0x00000002db300000)]
  0x000001e0ef874000 JavaThread "Unconstrained build operations Thread 3" [_thread_blocked, id=7084, stack(0x00000002db300000,0x00000002db400000)]
  0x000001e0ef870000 JavaThread "Unconstrained build operations Thread 4" [_thread_blocked, id=13316, stack(0x00000002db400000,0x00000002db500000)]
  0x000001e0ef86f000 JavaThread "Unconstrained build operations Thread 5" [_thread_blocked, id=7628, stack(0x00000002db500000,0x00000002db600000)]
  0x000001e0ead3a800 JavaThread "Unconstrained build operations Thread 6" [_thread_blocked, id=9708, stack(0x00000002db600000,0x00000002db700000)]
  0x000001e0ead3c000 JavaThread "Unconstrained build operations Thread 7" [_thread_blocked, id=14468, stack(0x00000002db700000,0x00000002db800000)]
  0x000001e0ead38000 JavaThread "Unconstrained build operations Thread 8" [_thread_blocked, id=4844, stack(0x00000002db800000,0x00000002db900000)]
  0x000001e0ead3d000 JavaThread "Unconstrained build operations Thread 9" [_thread_blocked, id=13412, stack(0x00000002db900000,0x00000002dba00000)]
  0x000001e0ead3e800 JavaThread "Unconstrained build operations Thread 10" [_thread_blocked, id=13416, stack(0x00000002dba00000,0x00000002dbb00000)]
  0x000001e0ead39000 JavaThread "Unconstrained build operations Thread 11" [_thread_blocked, id=13420, stack(0x00000002dbb00000,0x00000002dbc00000)]
  0x000001e0ead3e000 JavaThread "Unconstrained build operations Thread 12" [_thread_blocked, id=13428, stack(0x00000002dbc00000,0x00000002dbd00000)]
  0x000001e0ead3f800 JavaThread "Unconstrained build operations Thread 13" [_thread_blocked, id=13432, stack(0x00000002dbd00000,0x00000002dbe00000)]
  0x000001e0ead39800 JavaThread "Unconstrained build operations Thread 14" [_thread_blocked, id=8856, stack(0x00000002dbe00000,0x00000002dbf00000)]
  0x000001e0ead46000 JavaThread "Unconstrained build operations Thread 15" [_thread_blocked, id=13496, stack(0x00000002dbf00000,0x00000002dc000000)]
  0x000001e0ead41000 JavaThread "Unconstrained build operations Thread 16" [_thread_blocked, id=13516, stack(0x00000002dc000000,0x00000002dc100000)]
  0x000001e0ead42000 JavaThread "Unconstrained build operations Thread 17" [_thread_blocked, id=13512, stack(0x00000002dc100000,0x00000002dc200000)]
  0x000001e0ead43800 JavaThread "Unconstrained build operations Thread 18" [_thread_blocked, id=15760, stack(0x00000002dc200000,0x00000002dc300000)]
  0x000001e0ead44800 JavaThread "Unconstrained build operations Thread 19" [_thread_blocked, id=13532, stack(0x00000002dc300000,0x00000002dc400000)]
  0x000001e0ead40000 JavaThread "Unconstrained build operations Thread 20" [_thread_blocked, id=13536, stack(0x00000002dc400000,0x00000002dc500000)]

Other Threads:
  0x000001e0e351e000 VMThread "VM Thread" [stack: 0x00000002d7f00000,0x00000002d8000000] [id=10452]
  0x000001e0e3fcb000 WatcherThread [stack: 0x00000002d8a00000,0x00000002d8b00000] [id=12136]
  0x000001e0c7d34800 GCTaskThread "GC Thread#0" [stack: 0x00000002d7a00000,0x00000002d7b00000] [id=17220]
  0x000001e0e4c9d800 GCTaskThread "GC Thread#1" [stack: 0x00000002d8c00000,0x00000002d8d00000] [id=10304]
  0x000001e0e4c03000 GCTaskThread "GC Thread#2" [stack: 0x00000002d8d00000,0x00000002d8e00000] [id=1928]
  0x000001e0e4ae0800 GCTaskThread "GC Thread#3" [stack: 0x00000002d8e00000,0x00000002d8f00000] [id=10336]
  0x000001e0e4ae1000 GCTaskThread "GC Thread#4" [stack: 0x00000002d8f00000,0x00000002d9000000] [id=9676]
  0x000001e0e497b800 GCTaskThread "GC Thread#5" [stack: 0x00000002d9000000,0x00000002d9100000] [id=9256]
  0x000001e0e982a800 GCTaskThread "GC Thread#6" [stack: 0x00000002daa00000,0x00000002dab00000] [id=8132]
  0x000001e0e4f6a000 GCTaskThread "GC Thread#7" [stack: 0x00000002dab00000,0x00000002dac00000] [id=11328]
  0x000001e0c7d3a000 ConcurrentGCThread "G1 Main Marker" [stack: 0x00000002d7b00000,0x00000002d7c00000] [id=13696]
  0x000001e0c7d3c000 ConcurrentGCThread "G1 Conc#0" [stack: 0x00000002d7c00000,0x00000002d7d00000] [id=7076]
  0x000001e0e934d000 ConcurrentGCThread "G1 Conc#1" [stack: 0x00000002dac00000,0x00000002dad00000] [id=10256]
  0x000001e0c7dee800 ConcurrentGCThread "G1 Refine#0" [stack: 0x00000002d7d00000,0x00000002d7e00000] [id=8412]
  0x000001e0e7ba7000 ConcurrentGCThread "G1 Refine#1" [stack: 0x00000002e0600000,0x00000002e0700000] [id=7900]
  0x000001e0edb95800 ConcurrentGCThread "G1 Refine#2" [stack: 0x00000002e0700000,0x00000002e0800000] [id=1660]
  0x000001e0ee3cd800 ConcurrentGCThread "G1 Refine#3" [stack: 0x00000002e0800000,0x00000002e0900000] [id=17192]
  0x000001e0e506e800 ConcurrentGCThread "G1 Refine#4" [stack: 0x00000002e0900000,0x00000002e0a00000] [id=14192]
  0x000001e0e4be9000 ConcurrentGCThread "G1 Refine#5" [stack: 0x00000002e0a00000,0x00000002e0b00000] [id=13836]
  0x000001e0e77e1800 ConcurrentGCThread "G1 Refine#6" [stack: 0x00000002e0b00000,0x00000002e0c00000] [id=6672]
  0x000001e0eb9a3000 ConcurrentGCThread "G1 Refine#7" [stack: 0x00000002e0c00000,0x00000002e0d00000] [id=3972]
  0x000001e0e33ca800 ConcurrentGCThread "G1 Young RemSet Sampling" [stack: 0x00000002d7e00000,0x00000002d7f00000] [id=10820]

Threads with active compile tasks:
C2 CompilerThread0   844826 17950       4       java.lang.invoke.LambdaForm$Name::replaceNames (174 bytes)

VM state:not at safepoint (normal execution)

VM Mutex/Monitor currently owned by a thread: None

OutOfMemory and StackOverflow Exception counts:
StackOverflowErrors=5
LinkageErrors=180

Heap address: 0x00000000e0000000, size: 512 MB, Compressed Oops mode: 32-bit
Narrow klass base: 0x0000000800000000, Narrow klass shift: 3
Compressed class space size: 260046848 Address: 0x0000000800b30000

Heap:
 garbage-first heap   total 262144K, used 189571K [0x00000000e0000000, 0x0000000100000000)
  region size 1024K, 75 young (76800K), 6 survivors (6144K)
 Metaspace       used 88129K, capacity 90711K, committed 91392K, reserved 333824K
  class space    used 11302K, capacity 12308K, committed 12544K, reserved 253952K
Heap Regions: E=young(eden), S=young(survivor), O=old, HS=humongous(starts), HC=humongous(continues), CS=collection set, F=free, OA=open archive, CA=closed archive, TAMS=top-at-mark-start (previous, next)
|   0|0x00000000e0000000, 0x00000000e0100000, 0x00000000e0100000|100%| O|  |TAMS 0x00000000e0100000, 0x00000000e0000000| Untracked 
|   1|0x00000000e0100000, 0x00000000e0200000, 0x00000000e0200000|100%| O|  |TAMS 0x00000000e0200000, 0x00000000e0100000| Untracked 
|   2|0x00000000e0200000, 0x00000000e0300000, 0x00000000e0300000|100%| O|  |TAMS 0x00000000e0300000, 0x00000000e0200000| Untracked 
|   3|0x00000000e0300000, 0x00000000e0400000, 0x00000000e0400000|100%|HS|  |TAMS 0x00000000e0400000, 0x00000000e0300000| Complete 
|   4|0x00000000e0400000, 0x00000000e0500000, 0x00000000e0500000|100%|HC|  |TAMS 0x00000000e0500000, 0x00000000e0400000| Complete 
|   5|0x00000000e0500000, 0x00000000e0600000, 0x00000000e0600000|100%|HC|  |TAMS 0x00000000e0600000, 0x00000000e0500000| Complete 
|   6|0x00000000e0600000, 0x00000000e0700000, 0x00000000e0700000|100%| O|  |TAMS 0x00000000e0700000, 0x00000000e0600000| Untracked 
|   7|0x00000000e0700000, 0x00000000e0800000, 0x00000000e0800000|100%| O|  |TAMS 0x00000000e0800000, 0x00000000e0700000| Untracked 
|   8|0x00000000e0800000, 0x00000000e0900000, 0x00000000e0900000|100%| O|  |TAMS 0x00000000e0900000, 0x00000000e0800000| Untracked 
|   9|0x00000000e0900000, 0x00000000e0a00000, 0x00000000e0a00000|100%| O|  |TAMS 0x00000000e0a00000, 0x00000000e0900000| Untracked 
|  10|0x00000000e0a00000, 0x00000000e0b00000, 0x00000000e0b00000|100%| O|  |TAMS 0x00000000e0b00000, 0x00000000e0a00000| Untracked 
|  11|0x00000000e0b00000, 0x00000000e0c00000, 0x00000000e0c00000|100%|HS|  |TAMS 0x00000000e0c00000, 0x00000000e0b00000| Complete 
|  12|0x00000000e0c00000, 0x00000000e0d00000, 0x00000000e0d00000|100%|HC|  |TAMS 0x00000000e0d00000, 0x00000000e0c00000| Complete 
|  13|0x00000000e0d00000, 0x00000000e0e00000, 0x00000000e0e00000|100%|HC|  |TAMS 0x00000000e0e00000, 0x00000000e0d00000| Complete 
|  14|0x00000000e0e00000, 0x00000000e0f00000, 0x00000000e0f00000|100%|HC|  |TAMS 0x00000000e0f00000, 0x00000000e0e00000| Complete 
|  15|0x00000000e0f00000, 0x00000000e1000000, 0x00000000e1000000|100%|HC|  |TAMS 0x00000000e1000000, 0x00000000e0f00000| Complete 
|  16|0x00000000e1000000, 0x00000000e1100000, 0x00000000e1100000|100%|HS|  |TAMS 0x00000000e1100000, 0x00000000e1000000| Complete 
|  17|0x00000000e1100000, 0x00000000e1200000, 0x00000000e1200000|100%|HC|  |TAMS 0x00000000e1200000, 0x00000000e1100000| Complete 
|  18|0x00000000e1200000, 0x00000000e1300000, 0x00000000e1300000|100%|HC|  |TAMS 0x00000000e1300000, 0x00000000e1200000| Complete 
|  19|0x00000000e1300000, 0x00000000e1400000, 0x00000000e1400000|100%|HC|  |TAMS 0x00000000e1400000, 0x00000000e1300000| Complete 
|  20|0x00000000e1400000, 0x00000000e1500000, 0x00000000e1500000|100%| O|  |TAMS 0x00000000e1500000, 0x00000000e1400000| Untracked 
|  21|0x00000000e1500000, 0x00000000e1600000, 0x00000000e1600000|100%| O|  |TAMS 0x00000000e1600000, 0x00000000e1500000| Untracked 
|  22|0x00000000e1600000, 0x00000000e1700000, 0x00000000e1700000|100%| O|  |TAMS 0x00000000e1700000, 0x00000000e1600000| Untracked 
|  23|0x00000000e1700000, 0x00000000e1800000, 0x00000000e1800000|100%| O|  |TAMS 0x00000000e1800000, 0x00000000e1700000| Untracked 
|  24|0x00000000e1800000, 0x00000000e1900000, 0x00000000e1900000|100%| O|  |TAMS 0x00000000e1900000, 0x00000000e1800000| Untracked 
|  25|0x00000000e1900000, 0x00000000e1a00000, 0x00000000e1a00000|100%| O|  |TAMS 0x00000000e1a00000, 0x00000000e1900000| Untracked 
|  26|0x00000000e1a00000, 0x00000000e1b00000, 0x00000000e1b00000|100%| O|  |TAMS 0x00000000e1b00000, 0x00000000e1a00000| Untracked 
|  27|0x00000000e1b00000, 0x00000000e1c00000, 0x00000000e1c00000|100%| O|  |TAMS 0x00000000e1c00000, 0x00000000e1b00000| Untracked 
|  28|0x00000000e1c00000, 0x00000000e1d00000, 0x00000000e1d00000|100%| O|  |TAMS 0x00000000e1d00000, 0x00000000e1c00000| Untracked 
|  29|0x00000000e1d00000, 0x00000000e1e00000, 0x00000000e1e00000|100%| O|  |TAMS 0x00000000e1e00000, 0x00000000e1d00000| Untracked 
|  30|0x00000000e1e00000, 0x00000000e1f00000, 0x00000000e1f00000|100%| O|  |TAMS 0x00000000e1f00000, 0x00000000e1e00000| Untracked 
|  31|0x00000000e1f00000, 0x00000000e2000000, 0x00000000e2000000|100%| O|  |TAMS 0x00000000e2000000, 0x00000000e1f00000| Untracked 
|  32|0x00000000e2000000, 0x00000000e2100000, 0x00000000e2100000|100%| O|  |TAMS 0x00000000e2100000, 0x00000000e2000000| Untracked 
|  33|0x00000000e2100000, 0x00000000e2200000, 0x00000000e2200000|100%| O|  |TAMS 0x00000000e2200000, 0x00000000e2100000| Untracked 
|  34|0x00000000e2200000, 0x00000000e2300000, 0x00000000e2300000|100%| O|  |TAMS 0x00000000e2300000, 0x00000000e2200000| Untracked 
|  35|0x00000000e2300000, 0x00000000e2400000, 0x00000000e2400000|100%| O|  |TAMS 0x00000000e2400000, 0x00000000e2300000| Untracked 
|  36|0x00000000e2400000, 0x00000000e2500000, 0x00000000e2500000|100%| O|  |TAMS 0x00000000e2500000, 0x00000000e2400000| Untracked 
|  37|0x00000000e2500000, 0x00000000e2600000, 0x00000000e2600000|100%|HS|  |TAMS 0x00000000e2600000, 0x00000000e2500000| Complete 
|  38|0x00000000e2600000, 0x00000000e2700000, 0x00000000e2700000|100%|HC|  |TAMS 0x00000000e2700000, 0x00000000e2600000| Complete 
|  39|0x00000000e2700000, 0x00000000e2800000, 0x00000000e2800000|100%|HC|  |TAMS 0x00000000e2800000, 0x00000000e2700000| Complete 
|  40|0x00000000e2800000, 0x00000000e2900000, 0x00000000e2900000|100%|HC|  |TAMS 0x00000000e2900000, 0x00000000e2800000| Complete 
|  41|0x00000000e2900000, 0x00000000e2a00000, 0x00000000e2a00000|100%| O|  |TAMS 0x00000000e2900000, 0x00000000e2900000| Untracked 
|  42|0x00000000e2a00000, 0x00000000e2b00000, 0x00000000e2b00000|100%| O|  |TAMS 0x00000000e2a00000, 0x00000000e2a00000| Untracked 
|  43|0x00000000e2b00000, 0x00000000e2c00000, 0x00000000e2c00000|100%| O|  |TAMS 0x00000000e2b00000, 0x00000000e2b00000| Untracked 
|  44|0x00000000e2c00000, 0x00000000e2d00000, 0x00000000e2d00000|100%| O|  |TAMS 0x00000000e2c00000, 0x00000000e2c00000| Untracked 
|  45|0x00000000e2d00000, 0x00000000e2e00000, 0x00000000e2e00000|100%| O|  |TAMS 0x00000000e2d00000, 0x00000000e2d00000| Untracked 
|  46|0x00000000e2e00000, 0x00000000e2f00000, 0x00000000e2f00000|100%| O|  |TAMS 0x00000000e2f00000, 0x00000000e2e00000| Untracked 
|  47|0x00000000e2f00000, 0x00000000e3000000, 0x00000000e3000000|100%| O|  |TAMS 0x00000000e3000000, 0x00000000e2f00000| Untracked 
|  48|0x00000000e3000000, 0x00000000e3100000, 0x00000000e3100000|100%| O|  |TAMS 0x00000000e3000000, 0x00000000e3000000| Untracked 
|  49|0x00000000e3100000, 0x00000000e3200000, 0x00000000e3200000|100%| O|  |TAMS 0x00000000e3100000, 0x00000000e3100000| Untracked 
|  50|0x00000000e3200000, 0x00000000e3300000, 0x00000000e3300000|100%|HS|  |TAMS 0x00000000e3300000, 0x00000000e3200000| Complete 
|  51|0x00000000e3300000, 0x00000000e3400000, 0x00000000e3400000|100%|HC|  |TAMS 0x00000000e3400000, 0x00000000e3300000| Complete 
|  52|0x00000000e3400000, 0x00000000e3500000, 0x00000000e3500000|100%|HC|  |TAMS 0x00000000e3500000, 0x00000000e3400000| Complete 
|  53|0x00000000e3500000, 0x00000000e3600000, 0x00000000e3600000|100%|HC|  |TAMS 0x00000000e3600000, 0x00000000e3500000| Complete 
|  54|0x00000000e3600000, 0x00000000e3700000, 0x00000000e3700000|100%|HC|  |TAMS 0x00000000e3700000, 0x00000000e3600000| Complete 
|  55|0x00000000e3700000, 0x00000000e37c0e00, 0x00000000e3800000| 75%| O|  |TAMS 0x00000000e3700000, 0x00000000e3700000| Untracked 
|  56|0x00000000e3800000, 0x00000000e3900000, 0x00000000e3900000|100%| O|  |TAMS 0x00000000e3900000, 0x00000000e3800000| Untracked 
|  57|0x00000000e3900000, 0x00000000e3900000, 0x00000000e3a00000|  0%| F|  |TAMS 0x00000000e3900000, 0x00000000e3900000| Untracked 
|  58|0x00000000e3a00000, 0x00000000e3a00000, 0x00000000e3b00000|  0%| F|  |TAMS 0x00000000e3a00000, 0x00000000e3a00000| Untracked 
|  59|0x00000000e3b00000, 0x00000000e3b00000, 0x00000000e3c00000|  0%| F|  |TAMS 0x00000000e3b00000, 0x00000000e3b00000| Untracked 
|  60|0x00000000e3c00000, 0x00000000e3c00000, 0x00000000e3d00000|  0%| F|  |TAMS 0x00000000e3c00000, 0x00000000e3c00000| Untracked 
|  61|0x00000000e3d00000, 0x00000000e3e00000, 0x00000000e3e00000|100%| O|  |TAMS 0x00000000e3e00000, 0x00000000e3d00000| Untracked 
|  62|0x00000000e3e00000, 0x00000000e3f00000, 0x00000000e3f00000|100%|HS|  |TAMS 0x00000000e3f00000, 0x00000000e3e00000| Complete 
|  63|0x00000000e3f00000, 0x00000000e4000000, 0x00000000e4000000|100%|HC|  |TAMS 0x00000000e4000000, 0x00000000e3f00000| Complete 
|  64|0x00000000e4000000, 0x00000000e4100000, 0x00000000e4100000|100%|HC|  |TAMS 0x00000000e4100000, 0x00000000e4000000| Complete 
|  65|0x00000000e4100000, 0x00000000e4200000, 0x00000000e4200000|100%|HC|  |TAMS 0x00000000e4200000, 0x00000000e4100000| Complete 
|  66|0x00000000e4200000, 0x00000000e4300000, 0x00000000e4300000|100%|HC|  |TAMS 0x00000000e4300000, 0x00000000e4200000| Complete 
|  67|0x00000000e4300000, 0x00000000e4400000, 0x00000000e4400000|100%|HS|  |TAMS 0x00000000e4400000, 0x00000000e4300000| Complete 
|  68|0x00000000e4400000, 0x00000000e4500000, 0x00000000e4500000|100%|HC|  |TAMS 0x00000000e4500000, 0x00000000e4400000| Complete 
|  69|0x00000000e4500000, 0x00000000e4600000, 0x00000000e4600000|100%|HC|  |TAMS 0x00000000e4600000, 0x00000000e4500000| Complete 
|  70|0x00000000e4600000, 0x00000000e4700000, 0x00000000e4700000|100%|HC|  |TAMS 0x00000000e4700000, 0x00000000e4600000| Complete 
|  71|0x00000000e4700000, 0x00000000e4800000, 0x00000000e4800000|100%| O|  |TAMS 0x00000000e4800000, 0x00000000e4700000| Untracked 
|  72|0x00000000e4800000, 0x00000000e4900000, 0x00000000e4900000|100%| O|  |TAMS 0x00000000e4900000, 0x00000000e4800000| Untracked 
|  73|0x00000000e4900000, 0x00000000e4a00000, 0x00000000e4a00000|100%| O|  |TAMS 0x00000000e4a00000, 0x00000000e4900000| Untracked 
|  74|0x00000000e4a00000, 0x00000000e4b00000, 0x00000000e4b00000|100%| O|  |TAMS 0x00000000e4b00000, 0x00000000e4a00000| Untracked 
|  75|0x00000000e4b00000, 0x00000000e4c00000, 0x00000000e4c00000|100%| O|  |TAMS 0x00000000e4c00000, 0x00000000e4b00000| Untracked 
|  76|0x00000000e4c00000, 0x00000000e4d00000, 0x00000000e4d00000|100%| O|  |TAMS 0x00000000e4d00000, 0x00000000e4c00000| Untracked 
|  77|0x00000000e4d00000, 0x00000000e4e00000, 0x00000000e4e00000|100%| O|  |TAMS 0x00000000e4e00000, 0x00000000e4d00000| Untracked 
|  78|0x00000000e4e00000, 0x00000000e4f00000, 0x00000000e4f00000|100%| O|  |TAMS 0x00000000e4f00000, 0x00000000e4e00000| Untracked 
|  79|0x00000000e4f00000, 0x00000000e5000000, 0x00000000e5000000|100%| O|  |TAMS 0x00000000e5000000, 0x00000000e4f00000| Untracked 
|  80|0x00000000e5000000, 0x00000000e5000000, 0x00000000e5100000|  0%| F|  |TAMS 0x00000000e5000000, 0x00000000e5000000| Untracked 
|  81|0x00000000e5100000, 0x00000000e5100000, 0x00000000e5200000|  0%| F|  |TAMS 0x00000000e5100000, 0x00000000e5100000| Untracked 
|  82|0x00000000e5200000, 0x00000000e5300000, 0x00000000e5300000|100%| O|  |TAMS 0x00000000e5300000, 0x00000000e5200000| Untracked 
|  83|0x00000000e5300000, 0x00000000e5400000, 0x00000000e5400000|100%| O|  |TAMS 0x00000000e5400000, 0x00000000e5300000| Untracked 
|  84|0x00000000e5400000, 0x00000000e5500000, 0x00000000e5500000|100%| O|  |TAMS 0x00000000e5500000, 0x00000000e5400000| Untracked 
|  85|0x00000000e5500000, 0x00000000e5600000, 0x00000000e5600000|100%| O|  |TAMS 0x00000000e5600000, 0x00000000e5500000| Untracked 
|  86|0x00000000e5600000, 0x00000000e5600000, 0x00000000e5700000|  0%| F|  |TAMS 0x00000000e5600000, 0x00000000e5600000| Untracked 
|  87|0x00000000e5700000, 0x00000000e5700000, 0x00000000e5800000|  0%| F|  |TAMS 0x00000000e5700000, 0x00000000e5700000| Untracked 
|  88|0x00000000e5800000, 0x00000000e5800000, 0x00000000e5900000|  0%| F|  |TAMS 0x00000000e5800000, 0x00000000e5800000| Untracked 
|  89|0x00000000e5900000, 0x00000000e5900000, 0x00000000e5a00000|  0%| F|  |TAMS 0x00000000e5900000, 0x00000000e5900000| Untracked 
|  90|0x00000000e5a00000, 0x00000000e5a00000, 0x00000000e5b00000|  0%| F|  |TAMS 0x00000000e5a00000, 0x00000000e5a00000| Untracked 
|  91|0x00000000e5b00000, 0x00000000e5b00000, 0x00000000e5c00000|  0%| F|  |TAMS 0x00000000e5b00000, 0x00000000e5b00000| Untracked 
|  92|0x00000000e5c00000, 0x00000000e5c00000, 0x00000000e5d00000|  0%| F|  |TAMS 0x00000000e5c00000, 0x00000000e5c00000| Untracked 
|  93|0x00000000e5d00000, 0x00000000e5d00000, 0x00000000e5e00000|  0%| F|  |TAMS 0x00000000e5d00000, 0x00000000e5d00000| Untracked 
|  94|0x00000000e5e00000, 0x00000000e5e00000, 0x00000000e5f00000|  0%| F|  |TAMS 0x00000000e5e00000, 0x00000000e5e00000| Untracked 
|  95|0x00000000e5f00000, 0x00000000e5f00000, 0x00000000e6000000|  0%| F|  |TAMS 0x00000000e5f00000, 0x00000000e5f00000| Untracked 
|  96|0x00000000e6000000, 0x00000000e6100000, 0x00000000e6100000|100%| O|  |TAMS 0x00000000e6100000, 0x00000000e6000000| Untracked 
|  97|0x00000000e6100000, 0x00000000e6200000, 0x00000000e6200000|100%| O|  |TAMS 0x00000000e6200000, 0x00000000e6100000| Untracked 
|  98|0x00000000e6200000, 0x00000000e6300000, 0x00000000e6300000|100%| O|  |TAMS 0x00000000e6300000, 0x00000000e6200000| Untracked 
|  99|0x00000000e6300000, 0x00000000e6400000, 0x00000000e6400000|100%| O|  |TAMS 0x00000000e6400000, 0x00000000e6300000| Untracked 
| 100|0x00000000e6400000, 0x00000000e6500000, 0x00000000e6500000|100%| O|  |TAMS 0x00000000e6500000, 0x00000000e6400000| Untracked 
| 101|0x00000000e6500000, 0x00000000e6500000, 0x00000000e6600000|  0%| F|  |TAMS 0x00000000e6500000, 0x00000000e6500000| Untracked 
| 102|0x00000000e6600000, 0x00000000e6700000, 0x00000000e6700000|100%| O|  |TAMS 0x00000000e6700000, 0x00000000e6600000| Untracked 
| 103|0x00000000e6700000, 0x00000000e6800000, 0x00000000e6800000|100%| O|  |TAMS 0x00000000e6800000, 0x00000000e6700000| Untracked 
| 104|0x00000000e6800000, 0x00000000e6900000, 0x00000000e6900000|100%| O|  |TAMS 0x00000000e6900000, 0x00000000e6800000| Untracked 
| 105|0x00000000e6900000, 0x00000000e6a00000, 0x00000000e6a00000|100%| O|  |TAMS 0x00000000e6a00000, 0x00000000e6900000| Untracked 
| 106|0x00000000e6a00000, 0x00000000e6b00000, 0x00000000e6b00000|100%| O|  |TAMS 0x00000000e6b00000, 0x00000000e6a00000| Untracked 
| 107|0x00000000e6b00000, 0x00000000e6c00000, 0x00000000e6c00000|100%| O|  |TAMS 0x00000000e6c00000, 0x00000000e6b00000| Untracked 
| 108|0x00000000e6c00000, 0x00000000e6d00000, 0x00000000e6d00000|100%| O|  |TAMS 0x00000000e6d00000, 0x00000000e6c00000| Untracked 
| 109|0x00000000e6d00000, 0x00000000e6e00000, 0x00000000e6e00000|100%| O|  |TAMS 0x00000000e6e00000, 0x00000000e6d00000| Untracked 
| 110|0x00000000e6e00000, 0x00000000e6e00000, 0x00000000e6f00000|  0%| F|  |TAMS 0x00000000e6e00000, 0x00000000e6e00000| Untracked 
| 111|0x00000000e6f00000, 0x00000000e7000000, 0x00000000e7000000|100%| O|  |TAMS 0x00000000e7000000, 0x00000000e6f00000| Untracked 
| 112|0x00000000e7000000, 0x00000000e7100000, 0x00000000e7100000|100%| O|  |TAMS 0x00000000e7100000, 0x00000000e7000000| Untracked 
| 113|0x00000000e7100000, 0x00000000e7200000, 0x00000000e7200000|100%| O|  |TAMS 0x00000000e7200000, 0x00000000e7100000| Untracked 
| 114|0x00000000e7200000, 0x00000000e7300000, 0x00000000e7300000|100%| O|  |TAMS 0x00000000e7300000, 0x00000000e7200000| Untracked 
| 115|0x00000000e7300000, 0x00000000e7400000, 0x00000000e7400000|100%| O|  |TAMS 0x00000000e739a800, 0x00000000e7300000| Untracked 
| 116|0x00000000e7400000, 0x00000000e7500000, 0x00000000e7500000|100%| O|  |TAMS 0x00000000e7400000, 0x00000000e7400000| Untracked 
| 117|0x00000000e7500000, 0x00000000e7600000, 0x00000000e7600000|100%| O|  |TAMS 0x00000000e7500000, 0x00000000e7500000| Untracked 
| 118|0x00000000e7600000, 0x00000000e7700000, 0x00000000e7700000|100%| O|  |TAMS 0x00000000e7600000, 0x00000000e7600000| Untracked 
| 119|0x00000000e7700000, 0x00000000e7800000, 0x00000000e7800000|100%| O|  |TAMS 0x00000000e7700000, 0x00000000e7700000| Untracked 
| 120|0x00000000e7800000, 0x00000000e7900000, 0x00000000e7900000|100%| O|  |TAMS 0x00000000e7800000, 0x00000000e7800000| Untracked 
| 121|0x00000000e7900000, 0x00000000e7a00000, 0x00000000e7a00000|100%| O|  |TAMS 0x00000000e7900000, 0x00000000e7900000| Untracked 
| 122|0x00000000e7a00000, 0x00000000e7b00000, 0x00000000e7b00000|100%| O|  |TAMS 0x00000000e7a00000, 0x00000000e7a00000| Untracked 
| 123|0x00000000e7b00000, 0x00000000e7c00000, 0x00000000e7c00000|100%| O|  |TAMS 0x00000000e7b00000, 0x00000000e7b00000| Untracked 
| 124|0x00000000e7c00000, 0x00000000e7d00000, 0x00000000e7d00000|100%| O|  |TAMS 0x00000000e7c00000, 0x00000000e7c00000| Untracked 
| 125|0x00000000e7d00000, 0x00000000e7e00000, 0x00000000e7e00000|100%| O|  |TAMS 0x00000000e7d00000, 0x00000000e7d00000| Untracked 
| 126|0x00000000e7e00000, 0x00000000e7f00000, 0x00000000e7f00000|100%| O|  |TAMS 0x00000000e7e00000, 0x00000000e7e00000| Untracked 
| 127|0x00000000e7f00000, 0x00000000e8000000, 0x00000000e8000000|100%| O|  |TAMS 0x00000000e7f00000, 0x00000000e7f00000| Untracked 
| 128|0x00000000e8000000, 0x00000000e8100000, 0x00000000e8100000|100%| O|  |TAMS 0x00000000e8000000, 0x00000000e8000000| Untracked 
| 129|0x00000000e8100000, 0x00000000e8200000, 0x00000000e8200000|100%| O|  |TAMS 0x00000000e8100000, 0x00000000e8100000| Untracked 
| 130|0x00000000e8200000, 0x00000000e8200000, 0x00000000e8300000|  0%| F|  |TAMS 0x00000000e8200000, 0x00000000e8200000| Untracked 
| 131|0x00000000e8300000, 0x00000000e8300000, 0x00000000e8400000|  0%| F|  |TAMS 0x00000000e8300000, 0x00000000e8300000| Untracked 
| 132|0x00000000e8400000, 0x00000000e8400000, 0x00000000e8500000|  0%| F|  |TAMS 0x00000000e8400000, 0x00000000e8400000| Untracked 
| 133|0x00000000e8500000, 0x00000000e8500000, 0x00000000e8600000|  0%| F|  |TAMS 0x00000000e8500000, 0x00000000e8500000| Untracked 
| 134|0x00000000e8600000, 0x00000000e8600000, 0x00000000e8700000|  0%| F|  |TAMS 0x00000000e8600000, 0x00000000e8600000| Untracked 
| 135|0x00000000e8700000, 0x00000000e8700000, 0x00000000e8800000|  0%| F|  |TAMS 0x00000000e8700000, 0x00000000e8700000| Untracked 
| 136|0x00000000e8800000, 0x00000000e8800000, 0x00000000e8900000|  0%| F|  |TAMS 0x00000000e8800000, 0x00000000e8800000| Untracked 
| 137|0x00000000e8900000, 0x00000000e8900000, 0x00000000e8a00000|  0%| F|  |TAMS 0x00000000e8900000, 0x00000000e8900000| Untracked 
| 138|0x00000000e8a00000, 0x00000000e8a00000, 0x00000000e8b00000|  0%| F|  |TAMS 0x00000000e8a00000, 0x00000000e8a00000| Untracked 
| 139|0x00000000e8b00000, 0x00000000e8b00000, 0x00000000e8c00000|  0%| F|  |TAMS 0x00000000e8b00000, 0x00000000e8b00000| Untracked 
| 140|0x00000000e8c00000, 0x00000000e8c00000, 0x00000000e8d00000|  0%| F|  |TAMS 0x00000000e8c00000, 0x00000000e8c00000| Untracked 
| 141|0x00000000e8d00000, 0x00000000e8d60168, 0x00000000e8e00000| 37%| S|CS|TAMS 0x00000000e8d00000, 0x00000000e8d00000| Complete 
| 142|0x00000000e8e00000, 0x00000000e8f00000, 0x00000000e8f00000|100%| S|CS|TAMS 0x00000000e8e00000, 0x00000000e8e00000| Complete 
| 143|0x00000000e8f00000, 0x00000000e9000000, 0x00000000e9000000|100%| S|CS|TAMS 0x00000000e8f00000, 0x00000000e8f00000| Complete 
| 144|0x00000000e9000000, 0x00000000e9100000, 0x00000000e9100000|100%| S|CS|TAMS 0x00000000e9000000, 0x00000000e9000000| Complete 
| 145|0x00000000e9100000, 0x00000000e9200000, 0x00000000e9200000|100%| S|CS|TAMS 0x00000000e9100000, 0x00000000e9100000| Complete 
| 146|0x00000000e9200000, 0x00000000e9300000, 0x00000000e9300000|100%| S|CS|TAMS 0x00000000e9200000, 0x00000000e9200000| Complete 
| 147|0x00000000e9300000, 0x00000000e9300000, 0x00000000e9400000|  0%| F|  |TAMS 0x00000000e9300000, 0x00000000e9300000| Untracked 
| 148|0x00000000e9400000, 0x00000000e9400000, 0x00000000e9500000|  0%| F|  |TAMS 0x00000000e9400000, 0x00000000e9400000| Untracked 
| 149|0x00000000e9500000, 0x00000000e9500000, 0x00000000e9600000|  0%| F|  |TAMS 0x00000000e9500000, 0x00000000e9500000| Untracked 
| 150|0x00000000e9600000, 0x00000000e9600000, 0x00000000e9700000|  0%| F|  |TAMS 0x00000000e9600000, 0x00000000e9600000| Untracked 
| 151|0x00000000e9700000, 0x00000000e9700000, 0x00000000e9800000|  0%| F|  |TAMS 0x00000000e9700000, 0x00000000e9700000| Untracked 
| 152|0x00000000e9800000, 0x00000000e9800000, 0x00000000e9900000|  0%| F|  |TAMS 0x00000000e9800000, 0x00000000e9800000| Untracked 
| 153|0x00000000e9900000, 0x00000000e9900000, 0x00000000e9a00000|  0%| F|  |TAMS 0x00000000e9900000, 0x00000000e9900000| Untracked 
| 154|0x00000000e9a00000, 0x00000000e9a00000, 0x00000000e9b00000|  0%| F|  |TAMS 0x00000000e9a00000, 0x00000000e9a00000| Untracked 
| 155|0x00000000e9b00000, 0x00000000e9b00000, 0x00000000e9c00000|  0%| F|  |TAMS 0x00000000e9b00000, 0x00000000e9b00000| Untracked 
| 156|0x00000000e9c00000, 0x00000000e9c00000, 0x00000000e9d00000|  0%| F|  |TAMS 0x00000000e9c00000, 0x00000000e9c00000| Untracked 
| 157|0x00000000e9d00000, 0x00000000e9d00000, 0x00000000e9e00000|  0%| F|  |TAMS 0x00000000e9d00000, 0x00000000e9d00000| Untracked 
| 158|0x00000000e9e00000, 0x00000000e9e00000, 0x00000000e9f00000|  0%| F|  |TAMS 0x00000000e9e00000, 0x00000000e9e00000| Untracked 
| 159|0x00000000e9f00000, 0x00000000e9f00000, 0x00000000ea000000|  0%| F|  |TAMS 0x00000000e9f00000, 0x00000000e9f00000| Untracked 
| 160|0x00000000ea000000, 0x00000000ea000000, 0x00000000ea100000|  0%| F|  |TAMS 0x00000000ea000000, 0x00000000ea000000| Untracked 
| 161|0x00000000ea100000, 0x00000000ea100000, 0x00000000ea200000|  0%| F|  |TAMS 0x00000000ea100000, 0x00000000ea100000| Untracked 
| 162|0x00000000ea200000, 0x00000000ea200000, 0x00000000ea300000|  0%| F|  |TAMS 0x00000000ea200000, 0x00000000ea200000| Untracked 
| 163|0x00000000ea300000, 0x00000000ea300000, 0x00000000ea400000|  0%| F|  |TAMS 0x00000000ea300000, 0x00000000ea300000| Untracked 
| 164|0x00000000ea400000, 0x00000000ea400000, 0x00000000ea500000|  0%| F|  |TAMS 0x00000000ea400000, 0x00000000ea400000| Untracked 
| 165|0x00000000ea500000, 0x00000000ea500000, 0x00000000ea600000|  0%| F|  |TAMS 0x00000000ea500000, 0x00000000ea500000| Untracked 
| 166|0x00000000ea600000, 0x00000000ea600000, 0x00000000ea700000|  0%| F|  |TAMS 0x00000000ea600000, 0x00000000ea600000| Untracked 
| 167|0x00000000ea700000, 0x00000000ea700000, 0x00000000ea800000|  0%| F|  |TAMS 0x00000000ea700000, 0x00000000ea700000| Untracked 
| 168|0x00000000ea800000, 0x00000000ea800000, 0x00000000ea900000|  0%| F|  |TAMS 0x00000000ea800000, 0x00000000ea800000| Untracked 
| 169|0x00000000ea900000, 0x00000000ea900000, 0x00000000eaa00000|  0%| F|  |TAMS 0x00000000ea900000, 0x00000000ea900000| Untracked 
| 170|0x00000000eaa00000, 0x00000000eaa00000, 0x00000000eab00000|  0%| F|  |TAMS 0x00000000eaa00000, 0x00000000eaa00000| Untracked 
| 171|0x00000000eab00000, 0x00000000eab00000, 0x00000000eac00000|  0%| F|  |TAMS 0x00000000eab00000, 0x00000000eab00000| Untracked 
| 172|0x00000000eac00000, 0x00000000eac00000, 0x00000000ead00000|  0%| F|  |TAMS 0x00000000eac00000, 0x00000000eac00000| Untracked 
| 173|0x00000000ead00000, 0x00000000ead00000, 0x00000000eae00000|  0%| F|  |TAMS 0x00000000ead00000, 0x00000000ead00000| Untracked 
| 174|0x00000000eae00000, 0x00000000eae00000, 0x00000000eaf00000|  0%| F|  |TAMS 0x00000000eae00000, 0x00000000eae00000| Untracked 
| 175|0x00000000eaf00000, 0x00000000eaf00000, 0x00000000eb000000|  0%| F|  |TAMS 0x00000000eaf00000, 0x00000000eaf00000| Untracked 
| 176|0x00000000eb000000, 0x00000000eb000000, 0x00000000eb100000|  0%| F|  |TAMS 0x00000000eb000000, 0x00000000eb000000| Untracked 
| 177|0x00000000eb100000, 0x00000000eb100000, 0x00000000eb200000|  0%| F|  |TAMS 0x00000000eb100000, 0x00000000eb100000| Untracked 
| 178|0x00000000eb200000, 0x00000000eb200000, 0x00000000eb300000|  0%| F|  |TAMS 0x00000000eb200000, 0x00000000eb200000| Untracked 
| 179|0x00000000eb300000, 0x00000000eb300000, 0x00000000eb400000|  0%| F|  |TAMS 0x00000000eb300000, 0x00000000eb300000| Untracked 
| 180|0x00000000eb400000, 0x00000000eb400000, 0x00000000eb500000|  0%| F|  |TAMS 0x00000000eb400000, 0x00000000eb400000| Untracked 
| 181|0x00000000eb500000, 0x00000000eb500000, 0x00000000eb600000|  0%| F|  |TAMS 0x00000000eb500000, 0x00000000eb500000| Untracked 
| 182|0x00000000eb600000, 0x00000000eb600000, 0x00000000eb700000|  0%| F|  |TAMS 0x00000000eb600000, 0x00000000eb600000| Untracked 
| 183|0x00000000eb700000, 0x00000000eb700000, 0x00000000eb800000|  0%| F|  |TAMS 0x00000000eb700000, 0x00000000eb700000| Untracked 
| 184|0x00000000eb800000, 0x00000000eb800000, 0x00000000eb900000|  0%| F|  |TAMS 0x00000000eb800000, 0x00000000eb800000| Untracked 
| 185|0x00000000eb900000, 0x00000000eb900000, 0x00000000eba00000|  0%| F|  |TAMS 0x00000000eb900000, 0x00000000eb900000| Untracked 
| 186|0x00000000eba00000, 0x00000000eba00000, 0x00000000ebb00000|  0%| F|  |TAMS 0x00000000eba00000, 0x00000000eba00000| Untracked 
| 187|0x00000000ebb00000, 0x00000000ebbe01b8, 0x00000000ebc00000| 87%| E|  |TAMS 0x00000000ebb00000, 0x00000000ebb00000| Complete 
| 188|0x00000000ebc00000, 0x00000000ebd00000, 0x00000000ebd00000|100%| E|CS|TAMS 0x00000000ebc00000, 0x00000000ebc00000| Complete 
| 189|0x00000000ebd00000, 0x00000000ebe00000, 0x00000000ebe00000|100%| E|CS|TAMS 0x00000000ebd00000, 0x00000000ebd00000| Complete 
| 190|0x00000000ebe00000, 0x00000000ebf00000, 0x00000000ebf00000|100%| E|CS|TAMS 0x00000000ebe00000, 0x00000000ebe00000| Complete 
| 191|0x00000000ebf00000, 0x00000000ec000000, 0x00000000ec000000|100%| E|CS|TAMS 0x00000000ebf00000, 0x00000000ebf00000| Complete 
| 192|0x00000000ec000000, 0x00000000ec100000, 0x00000000ec100000|100%| E|CS|TAMS 0x00000000ec000000, 0x00000000ec000000| Complete 
| 193|0x00000000ec100000, 0x00000000ec200000, 0x00000000ec200000|100%| E|CS|TAMS 0x00000000ec100000, 0x00000000ec100000| Complete 
| 194|0x00000000ec200000, 0x00000000ec300000, 0x00000000ec300000|100%| E|CS|TAMS 0x00000000ec200000, 0x00000000ec200000| Complete 
| 195|0x00000000ec300000, 0x00000000ec400000, 0x00000000ec400000|100%| E|CS|TAMS 0x00000000ec300000, 0x00000000ec300000| Complete 
| 196|0x00000000ec400000, 0x00000000ec500000, 0x00000000ec500000|100%| E|CS|TAMS 0x00000000ec400000, 0x00000000ec400000| Complete 
| 197|0x00000000ec500000, 0x00000000ec600000, 0x00000000ec600000|100%| E|CS|TAMS 0x00000000ec500000, 0x00000000ec500000| Complete 
| 198|0x00000000ec600000, 0x00000000ec700000, 0x00000000ec700000|100%| E|CS|TAMS 0x00000000ec600000, 0x00000000ec600000| Complete 
| 199|0x00000000ec700000, 0x00000000ec800000, 0x00000000ec800000|100%| E|CS|TAMS 0x00000000ec700000, 0x00000000ec700000| Complete 
| 200|0x00000000ec800000, 0x00000000ec900000, 0x00000000ec900000|100%| E|CS|TAMS 0x00000000ec800000, 0x00000000ec800000| Complete 
| 201|0x00000000ec900000, 0x00000000eca00000, 0x00000000eca00000|100%| E|CS|TAMS 0x00000000ec900000, 0x00000000ec900000| Complete 
| 202|0x00000000eca00000, 0x00000000ecb00000, 0x00000000ecb00000|100%| E|CS|TAMS 0x00000000eca00000, 0x00000000eca00000| Complete 
| 203|0x00000000ecb00000, 0x00000000ecc00000, 0x00000000ecc00000|100%| E|CS|TAMS 0x00000000ecb00000, 0x00000000ecb00000| Complete 
| 204|0x00000000ecc00000, 0x00000000ecd00000, 0x00000000ecd00000|100%| E|CS|TAMS 0x00000000ecc00000, 0x00000000ecc00000| Complete 
| 205|0x00000000ecd00000, 0x00000000ece00000, 0x00000000ece00000|100%| E|CS|TAMS 0x00000000ecd00000, 0x00000000ecd00000| Complete 
| 206|0x00000000ece00000, 0x00000000ecf00000, 0x00000000ecf00000|100%| E|CS|TAMS 0x00000000ece00000, 0x00000000ece00000| Complete 
| 207|0x00000000ecf00000, 0x00000000ed000000, 0x00000000ed000000|100%| E|CS|TAMS 0x00000000ecf00000, 0x00000000ecf00000| Complete 
| 208|0x00000000ed000000, 0x00000000ed100000, 0x00000000ed100000|100%| E|CS|TAMS 0x00000000ed000000, 0x00000000ed000000| Complete 
| 209|0x00000000ed100000, 0x00000000ed200000, 0x00000000ed200000|100%| E|CS|TAMS 0x00000000ed100000, 0x00000000ed100000| Complete 
| 210|0x00000000ed200000, 0x00000000ed300000, 0x00000000ed300000|100%| E|CS|TAMS 0x00000000ed200000, 0x00000000ed200000| Complete 
| 211|0x00000000ed300000, 0x00000000ed400000, 0x00000000ed400000|100%| E|CS|TAMS 0x00000000ed300000, 0x00000000ed300000| Complete 
| 212|0x00000000ed400000, 0x00000000ed500000, 0x00000000ed500000|100%| E|CS|TAMS 0x00000000ed400000, 0x00000000ed400000| Complete 
| 213|0x00000000ed500000, 0x00000000ed600000, 0x00000000ed600000|100%| E|CS|TAMS 0x00000000ed500000, 0x00000000ed500000| Complete 
| 214|0x00000000ed600000, 0x00000000ed700000, 0x00000000ed700000|100%| E|CS|TAMS 0x00000000ed600000, 0x00000000ed600000| Complete 
| 215|0x00000000ed700000, 0x00000000ed800000, 0x00000000ed800000|100%| E|CS|TAMS 0x00000000ed700000, 0x00000000ed700000| Complete 
| 216|0x00000000ed800000, 0x00000000ed900000, 0x00000000ed900000|100%| E|CS|TAMS 0x00000000ed800000, 0x00000000ed800000| Complete 
| 217|0x00000000ed900000, 0x00000000eda00000, 0x00000000eda00000|100%| E|CS|TAMS 0x00000000ed900000, 0x00000000ed900000| Complete 
| 218|0x00000000eda00000, 0x00000000edb00000, 0x00000000edb00000|100%| E|CS|TAMS 0x00000000eda00000, 0x00000000eda00000| Complete 
| 219|0x00000000edb00000, 0x00000000edc00000, 0x00000000edc00000|100%| E|CS|TAMS 0x00000000edb00000, 0x00000000edb00000| Complete 
| 220|0x00000000edc00000, 0x00000000edd00000, 0x00000000edd00000|100%| E|CS|TAMS 0x00000000edc00000, 0x00000000edc00000| Complete 
| 221|0x00000000edd00000, 0x00000000ede00000, 0x00000000ede00000|100%| E|CS|TAMS 0x00000000edd00000, 0x00000000edd00000| Complete 
| 222|0x00000000ede00000, 0x00000000edf00000, 0x00000000edf00000|100%| E|CS|TAMS 0x00000000ede00000, 0x00000000ede00000| Complete 
| 223|0x00000000edf00000, 0x00000000ee000000, 0x00000000ee000000|100%| E|CS|TAMS 0x00000000edf00000, 0x00000000edf00000| Complete 
| 224|0x00000000ee000000, 0x00000000ee100000, 0x00000000ee100000|100%| E|CS|TAMS 0x00000000ee000000, 0x00000000ee000000| Complete 
| 225|0x00000000ee100000, 0x00000000ee200000, 0x00000000ee200000|100%| E|CS|TAMS 0x00000000ee100000, 0x00000000ee100000| Complete 
| 226|0x00000000ee200000, 0x00000000ee300000, 0x00000000ee300000|100%| E|CS|TAMS 0x00000000ee200000, 0x00000000ee200000| Complete 
| 227|0x00000000ee300000, 0x00000000ee400000, 0x00000000ee400000|100%| E|CS|TAMS 0x00000000ee300000, 0x00000000ee300000| Complete 
| 228|0x00000000ee400000, 0x00000000ee500000, 0x00000000ee500000|100%| E|CS|TAMS 0x00000000ee400000, 0x00000000ee400000| Complete 
| 229|0x00000000ee500000, 0x00000000ee600000, 0x00000000ee600000|100%| E|CS|TAMS 0x00000000ee500000, 0x00000000ee500000| Complete 
| 230|0x00000000ee600000, 0x00000000ee700000, 0x00000000ee700000|100%| E|CS|TAMS 0x00000000ee600000, 0x00000000ee600000| Complete 
| 231|0x00000000ee700000, 0x00000000ee800000, 0x00000000ee800000|100%| E|CS|TAMS 0x00000000ee700000, 0x00000000ee700000| Complete 
| 232|0x00000000ee800000, 0x00000000ee900000, 0x00000000ee900000|100%| E|CS|TAMS 0x00000000ee800000, 0x00000000ee800000| Complete 
| 233|0x00000000ee900000, 0x00000000eea00000, 0x00000000eea00000|100%| E|CS|TAMS 0x00000000ee900000, 0x00000000ee900000| Complete 
| 234|0x00000000eea00000, 0x00000000eeb00000, 0x00000000eeb00000|100%| E|CS|TAMS 0x00000000eea00000, 0x00000000eea00000| Complete 
| 235|0x00000000eeb00000, 0x00000000eec00000, 0x00000000eec00000|100%| E|CS|TAMS 0x00000000eeb00000, 0x00000000eeb00000| Complete 
| 236|0x00000000eec00000, 0x00000000eed00000, 0x00000000eed00000|100%| E|CS|TAMS 0x00000000eec00000, 0x00000000eec00000| Complete 
| 237|0x00000000eed00000, 0x00000000eee00000, 0x00000000eee00000|100%| E|CS|TAMS 0x00000000eed00000, 0x00000000eed00000| Complete 
| 238|0x00000000eee00000, 0x00000000eef00000, 0x00000000eef00000|100%| E|CS|TAMS 0x00000000eee00000, 0x00000000eee00000| Complete 
| 239|0x00000000eef00000, 0x00000000ef000000, 0x00000000ef000000|100%| E|CS|TAMS 0x00000000eef00000, 0x00000000eef00000| Complete 
| 240|0x00000000ef000000, 0x00000000ef100000, 0x00000000ef100000|100%| E|CS|TAMS 0x00000000ef000000, 0x00000000ef000000| Complete 
| 241|0x00000000ef100000, 0x00000000ef200000, 0x00000000ef200000|100%| E|CS|TAMS 0x00000000ef100000, 0x00000000ef100000| Complete 
| 242|0x00000000ef200000, 0x00000000ef300000, 0x00000000ef300000|100%| E|CS|TAMS 0x00000000ef200000, 0x00000000ef200000| Complete 
| 243|0x00000000ef300000, 0x00000000ef400000, 0x00000000ef400000|100%| E|CS|TAMS 0x00000000ef300000, 0x00000000ef300000| Complete 
| 244|0x00000000ef400000, 0x00000000ef500000, 0x00000000ef500000|100%| E|CS|TAMS 0x00000000ef400000, 0x00000000ef400000| Complete 
| 245|0x00000000ef500000, 0x00000000ef600000, 0x00000000ef600000|100%| E|CS|TAMS 0x00000000ef500000, 0x00000000ef500000| Complete 
| 246|0x00000000ef600000, 0x00000000ef700000, 0x00000000ef700000|100%| E|CS|TAMS 0x00000000ef600000, 0x00000000ef600000| Complete 
| 247|0x00000000ef700000, 0x00000000ef800000, 0x00000000ef800000|100%| E|CS|TAMS 0x00000000ef700000, 0x00000000ef700000| Complete 
| 248|0x00000000ef800000, 0x00000000ef900000, 0x00000000ef900000|100%| E|CS|TAMS 0x00000000ef800000, 0x00000000ef800000| Complete 
| 249|0x00000000ef900000, 0x00000000efa00000, 0x00000000efa00000|100%| E|CS|TAMS 0x00000000ef900000, 0x00000000ef900000| Complete 
| 250|0x00000000efa00000, 0x00000000efb00000, 0x00000000efb00000|100%| E|CS|TAMS 0x00000000efa00000, 0x00000000efa00000| Complete 
| 251|0x00000000efb00000, 0x00000000efc00000, 0x00000000efc00000|100%| E|CS|TAMS 0x00000000efb00000, 0x00000000efb00000| Complete 
| 252|0x00000000efc00000, 0x00000000efd00000, 0x00000000efd00000|100%| E|CS|TAMS 0x00000000efc00000, 0x00000000efc00000| Complete 
| 253|0x00000000efd00000, 0x00000000efe00000, 0x00000000efe00000|100%| E|CS|TAMS 0x00000000efd00000, 0x00000000efd00000| Complete 
| 254|0x00000000efe00000, 0x00000000eff00000, 0x00000000eff00000|100%| E|CS|TAMS 0x00000000efe00000, 0x00000000efe00000| Complete 
| 255|0x00000000eff00000, 0x00000000f0000000, 0x00000000f0000000|100%| E|CS|TAMS 0x00000000eff00000, 0x00000000eff00000| Complete 

Card table byte_map: [0x000001e0df900000,0x000001e0dfa00000] _byte_map_base: 0x000001e0df200000

Marking Bits (Prev, Next): (CMBitMap*) 0x000001e0c7d352e8, (CMBitMap*) 0x000001e0c7d35328
 Prev Bits: [0x000001e0dfb00000, 0x000001e0e0300000)
 Next Bits: [0x000001e0e0300000, 0x000001e0e0b00000)

Polling page: 0x000001e0c5c90000

Metaspace:

Usage:
  Non-class:     76.57 MB capacity,    75.03 MB ( 98%) used,     1.25 MB (  2%) free+waste,   293.13 KB ( <1%) overhead. 
      Class:     12.02 MB capacity,    11.04 MB ( 92%) used,   873.11 KB (  7%) free+waste,   132.88 KB (  1%) overhead. 
       Both:     88.58 MB capacity,    86.06 MB ( 97%) used,     2.11 MB (  2%) free+waste,   426.00 KB ( <1%) overhead. 

Virtual space:
  Non-class space:       78.00 MB reserved,      77.00 MB ( 99%) committed 
      Class space:      248.00 MB reserved,      12.25 MB (  5%) committed 
             Both:      326.00 MB reserved,      89.25 MB ( 27%) committed 

Chunk freelists:
   Non-Class:  317.00 KB
       Class:  172.00 KB
        Both:  489.00 KB

MaxMetaspaceSize: 256.00 MB
CompressedClassSpaceSize: 248.00 MB

CodeHeap 'non-profiled nmethods': size=120000Kb used=13010Kb max_used=13010Kb free=106989Kb
 bounds [0x000001e0d7f90000, 0x000001e0d8c50000, 0x000001e0df4c0000]
CodeHeap 'profiled nmethods': size=120000Kb used=29430Kb max_used=29430Kb free=90569Kb
 bounds [0x000001e0d0a60000, 0x000001e0d2720000, 0x000001e0d7f90000]
CodeHeap 'non-nmethods': size=5760Kb used=2431Kb max_used=2510Kb free=3328Kb
 bounds [0x000001e0d04c0000, 0x000001e0d0750000, 0x000001e0d0a60000]
 total_blobs=15267 nmethods=14338 adapters=839
 compilation: enabled
              stopped_count=0, restarted_count=0
 full_count=0

Compilation events (20 events):
Event: 844.654 Thread 0x000001e0e354e000 17948       3       java.lang.invoke.LambdaForm::<init> (115 bytes)
Event: 844.655 Thread 0x000001e0e354e000 nmethod 17948 0x000001e0d270c410 code [0x000001e0d270c620, 0x000001e0d270cce8]
Event: 844.655 Thread 0x000001e0e354e000 17952       3       java.lang.invoke.LambdaForm$Name::<init> (9 bytes)
Event: 844.655 Thread 0x000001e0e354e000 nmethod 17952 0x000001e0d270cf10 code [0x000001e0d270d0c0, 0x000001e0d270d228]
Event: 844.656 Thread 0x000001e0e354e000 17954       3       jdk.internal.reflect.ClassFileAssembler::opc_aaload (11 bytes)
Event: 844.657 Thread 0x000001e0e354e000 nmethod 17954 0x000001e0d270d310 code [0x000001e0d270d4c0, 0x000001e0d270d748]
Event: 844.657 Thread 0x000001e0e354e000 17955       3       jdk.internal.reflect.ClassFileAssembler::opc_aload_2 (24 bytes)
Event: 844.657 Thread 0x000001e0e354e000 nmethod 17955 0x000001e0d270d890 code [0x000001e0d270da60, 0x000001e0d270ddc8]
Event: 844.660 Thread 0x000001e0e354e000 17956       3       org.gradle.internal.component.external.model.AbstractMutableModuleComponentResolveMetadata::setStatus (22 bytes)
Event: 844.660 Thread 0x000001e0e354e000 nmethod 17956 0x000001e0d270df90 code [0x000001e0d270e140, 0x000001e0d270e3a8]
Event: 844.661 Thread 0x000001e0e3541000 nmethod 17915 0x000001e0d8c3f710 code [0x000001e0d8c3fb80, 0x000001e0d8c422f0]
Event: 844.661 Thread 0x000001e0e3541000 17921       4       com.google.common.base.CharMatcher$Or::matches (28 bytes)
Event: 844.663 Thread 0x000001e0e3541000 nmethod 17921 0x000001e0d8c43790 code [0x000001e0d8c43980, 0x000001e0d8c43bd8]
Event: 844.663 Thread 0x000001e0e3541000 17949       4       java.lang.invoke.LambdaForm$Name::lastUseIndex (36 bytes)
Event: 844.665 Thread 0x000001e0e3541000 nmethod 17949 0x000001e0d8c43e10 code [0x000001e0d8c43fa0, 0x000001e0d8c440f8]
Event: 844.665 Thread 0x000001e0e3541000 17950       4       java.lang.invoke.LambdaForm$Name::replaceNames (174 bytes)
Event: 844.667 Thread 0x000001e0e354e000 17958       3       org.gradle.internal.component.model.MultipleCandidateMatcher::matchCandidate (78 bytes)
Event: 844.668 Thread 0x000001e0e354e000 nmethod 17958 0x000001e0d270e490 code [0x000001e0d270e660, 0x000001e0d270eaa8]
Event: 844.668 Thread 0x000001e0e354e000 17957       1       org.gradle.api.attributes.Usage$Impl::getName (5 bytes)
Event: 844.668 Thread 0x000001e0e354e000 nmethod 17957 0x000001e0d8c44190 code [0x000001e0d8c44320, 0x000001e0d8c443f8]

GC Heap History (20 events):
Event: 776.561 GC heap before
{Heap before GC invocations=53 (full 0):
 garbage-first heap   total 262144K, used 224259K [0x00000000e0000000, 0x0000000100000000)
  region size 1024K, 104 young (106496K), 9 survivors (9216K)
 Metaspace       used 87395K, capacity 90299K, committed 90496K, reserved 333824K
  class space    used 11287K, capacity 12382K, committed 12416K, reserved 253952K
}
Event: 776.567 GC heap after
{Heap after GC invocations=54 (full 0):
 garbage-first heap   total 262144K, used 125027K [0x00000000e0000000, 0x0000000100000000)
  region size 1024K, 5 young (5120K), 5 survivors (5120K)
 Metaspace       used 87395K, capacity 90299K, committed 90496K, reserved 333824K
  class space    used 11287K, capacity 12382K, committed 12416K, reserved 253952K
}
Event: 776.903 GC heap before
{Heap before GC invocations=55 (full 0):
 garbage-first heap   total 262144K, used 226403K [0x00000000e0000000, 0x0000000100000000)
  region size 1024K, 104 young (106496K), 5 survivors (5120K)
 Metaspace       used 86649K, capacity 89052K, committed 90496K, reserved 333824K
  class space    used 11110K, capacity 12051K, committed 12416K, reserved 253952K
}
Event: 776.908 GC heap after
{Heap after GC invocations=56 (full 0):
 garbage-first heap   total 262144K, used 124333K [0x00000000e0000000, 0x0000000100000000)
  region size 1024K, 4 young (4096K), 4 survivors (4096K)
 Metaspace       used 86649K, capacity 89052K, committed 90496K, reserved 333824K
  class space    used 11110K, capacity 12051K, committed 12416K, reserved 253952K
}
Event: 776.931 GC heap before
{Heap before GC invocations=56 (full 0):
 garbage-first heap   total 262144K, used 131501K [0x00000000e0000000, 0x0000000100000000)
  region size 1024K, 12 young (12288K), 4 survivors (4096K)
 Metaspace       used 86649K, capacity 89052K, committed 90496K, reserved 333824K
  class space    used 11110K, capacity 12051K, committed 12416K, reserved 253952K
}
Event: 776.945 GC heap after
{Heap after GC invocations=57 (full 0):
 garbage-first heap   total 262144K, used 107331K [0x00000000e0000000, 0x0000000100000000)
  region size 1024K, 2 young (2048K), 2 survivors (2048K)
 Metaspace       used 86649K, capacity 89052K, committed 90496K, reserved 333824K
  class space    used 11110K, capacity 12051K, committed 12416K, reserved 253952K
}
Event: 778.074 GC heap before
{Heap before GC invocations=57 (full 0):
 garbage-first heap   total 262144K, used 225091K [0x00000000e0000000, 0x0000000100000000)
  region size 1024K, 118 young (120832K), 2 survivors (2048K)
 Metaspace       used 86770K, capacity 89217K, committed 90496K, reserved 333824K
  class space    used 11119K, capacity 12060K, committed 12416K, reserved 253952K
}
Event: 778.082 GC heap after
{Heap after GC invocations=58 (full 0):
 garbage-first heap   total 262144K, used 116899K [0x00000000e0000000, 0x0000000100000000)
  region size 1024K, 11 young (11264K), 11 survivors (11264K)
 Metaspace       used 86770K, capacity 89217K, committed 90496K, reserved 333824K
  class space    used 11119K, capacity 12060K, committed 12416K, reserved 253952K
}
Event: 778.524 GC heap before
{Heap before GC invocations=58 (full 0):
 garbage-first heap   total 262144K, used 218275K [0x00000000e0000000, 0x0000000100000000)
  region size 1024K, 111 young (113664K), 11 survivors (11264K)
 Metaspace       used 86775K, capacity 89217K, committed 90496K, reserved 333824K
  class space    used 11119K, capacity 12060K, committed 12416K, reserved 253952K
}
Event: 778.531 GC heap after
{Heap after GC invocations=59 (full 0):
 garbage-first heap   total 262144K, used 115075K [0x00000000e0000000, 0x0000000100000000)
  region size 1024K, 5 young (5120K), 5 survivors (5120K)
 Metaspace       used 86775K, capacity 89217K, committed 90496K, reserved 333824K
  class space    used 11119K, capacity 12060K, committed 12416K, reserved 253952K
}
Event: 779.081 GC heap before
{Heap before GC invocations=59 (full 0):
 garbage-first heap   total 262144K, used 218499K [0x00000000e0000000, 0x0000000100000000)
  region size 1024K, 107 young (109568K), 5 survivors (5120K)
 Metaspace       used 86775K, capacity 89217K, committed 90496K, reserved 333824K
  class space    used 11119K, capacity 12060K, committed 12416K, reserved 253952K
}
Event: 779.088 GC heap after
{Heap after GC invocations=60 (full 0):
 garbage-first heap   total 262144K, used 116593K [0x00000000e0000000, 0x0000000100000000)
  region size 1024K, 7 young (7168K), 7 survivors (7168K)
 Metaspace       used 86775K, capacity 89217K, committed 90496K, reserved 333824K
  class space    used 11119K, capacity 12060K, committed 12416K, reserved 253952K
}
Event: 779.704 GC heap before
{Heap before GC invocations=60 (full 0):
 garbage-first heap   total 262144K, used 221041K [0x00000000e0000000, 0x0000000100000000)
  region size 1024K, 109 young (111616K), 7 survivors (7168K)
 Metaspace       used 86775K, capacity 89217K, committed 90496K, reserved 333824K
  class space    used 11119K, capacity 12060K, committed 12416K, reserved 253952K
}
Event: 779.712 GC heap after
{Heap after GC invocations=61 (full 0):
 garbage-first heap   total 262144K, used 118188K [0x00000000e0000000, 0x0000000100000000)
  region size 1024K, 8 young (8192K), 8 survivors (8192K)
 Metaspace       used 86775K, capacity 89217K, committed 90496K, reserved 333824K
  class space    used 11119K, capacity 12060K, committed 12416K, reserved 253952K
}
Event: 780.468 GC heap before
{Heap before GC invocations=61 (full 0):
 garbage-first heap   total 262144K, used 222636K [0x00000000e0000000, 0x0000000100000000)
  region size 1024K, 111 young (113664K), 8 survivors (8192K)
 Metaspace       used 86831K, capacity 89299K, committed 90496K, reserved 333824K
  class space    used 11125K, capacity 12065K, committed 12416K, reserved 253952K
}
Event: 780.478 GC heap after
{Heap after GC invocations=62 (full 0):
 garbage-first heap   total 262144K, used 120371K [0x00000000e0000000, 0x0000000100000000)
  region size 1024K, 8 young (8192K), 8 survivors (8192K)
 Metaspace       used 86831K, capacity 89299K, committed 90496K, reserved 333824K
  class space    used 11125K, capacity 12065K, committed 12416K, reserved 253952K
}
Event: 780.842 GC heap before
{Heap before GC invocations=62 (full 0):
 garbage-first heap   total 262144K, used 221747K [0x00000000e0000000, 0x0000000100000000)
  region size 1024K, 108 young (110592K), 8 survivors (8192K)
 Metaspace       used 86833K, capacity 89300K, committed 90496K, reserved 333824K
  class space    used 11125K, capacity 12065K, committed 12416K, reserved 253952K
}
Event: 780.848 GC heap after
{Heap after GC invocations=63 (full 0):
 garbage-first heap   total 262144K, used 119555K [0x00000000e0000000, 0x0000000100000000)
  region size 1024K, 5 young (5120K), 5 survivors (5120K)
 Metaspace       used 86833K, capacity 89300K, committed 90496K, reserved 333824K
  class space    used 11125K, capacity 12065K, committed 12416K, reserved 253952K
}
Event: 781.272 GC heap before
{Heap before GC invocations=63 (full 0):
 garbage-first heap   total 262144K, used 226051K [0x00000000e0000000, 0x0000000100000000)
  region size 1024K, 109 young (111616K), 5 survivors (5120K)
 Metaspace       used 86841K, capacity 89300K, committed 90496K, reserved 333824K
  class space    used 11125K, capacity 12065K, committed 12416K, reserved 253952K
}
Event: 781.277 GC heap after
{Heap after GC invocations=64 (full 0):
 garbage-first heap   total 262144K, used 119939K [0x00000000e0000000, 0x0000000100000000)
  region size 1024K, 6 young (6144K), 6 survivors (6144K)
 Metaspace       used 86841K, capacity 89300K, committed 90496K, reserved 333824K
  class space    used 11125K, capacity 12065K, committed 12416K, reserved 253952K
}

Deoptimization events (20 events):
Event: 844.618 Thread 0x000001e0ef869000 Uncommon trap: trap_request=0xffffff45 fr.pc=0x000001e0d8afc71c relative=0x000000000000053c
Event: 844.618 Thread 0x000001e0ef869000 Uncommon trap: reason=unstable_if action=reinterpret pc=0x000001e0d8afc71c method=java.lang.ref.SoftReference.get()Ljava/lang/Object; @ 6 c2
Event: 844.618 Thread 0x000001e0ef869000 DEOPT PACKING pc=0x000001e0d8afc71c sp=0x00000002d95f8cd0
Event: 844.618 Thread 0x000001e0ef869000 DEOPT UNPACKING pc=0x000001e0d050912f sp=0x00000002d95f8a18 mode 2
Event: 844.619 Thread 0x000001e0ef869000 Uncommon trap: trap_request=0xffffffde fr.pc=0x000001e0d88daa24 relative=0x00000000000000c4
Event: 844.619 Thread 0x000001e0ef869000 Uncommon trap: reason=class_check action=maybe_recompile pc=0x000001e0d88daa24 method=com.google.common.base.CharMatcher$Or.matches(C)Z @ 5 c2
Event: 844.619 Thread 0x000001e0ef869000 DEOPT PACKING pc=0x000001e0d88daa24 sp=0x00000002d95f7ed0
Event: 844.619 Thread 0x000001e0ef869000 DEOPT UNPACKING pc=0x000001e0d050912f sp=0x00000002d95f7e68 mode 2
Event: 844.619 Thread 0x000001e0ef869000 Uncommon trap: trap_request=0xffffffde fr.pc=0x000001e0d88daa24 relative=0x00000000000000c4
Event: 844.619 Thread 0x000001e0ef869000 Uncommon trap: reason=class_check action=maybe_recompile pc=0x000001e0d88daa24 method=com.google.common.base.CharMatcher$Or.matches(C)Z @ 5 c2
Event: 844.619 Thread 0x000001e0ef869000 DEOPT PACKING pc=0x000001e0d88daa24 sp=0x00000002d95f7e60
Event: 844.619 Thread 0x000001e0ef869000 DEOPT UNPACKING pc=0x000001e0d050912f sp=0x00000002d95f7df8 mode 2
Event: 844.619 Thread 0x000001e0ef869000 Uncommon trap: trap_request=0xffffffde fr.pc=0x000001e0d88daa24 relative=0x00000000000000c4
Event: 844.619 Thread 0x000001e0ef869000 Uncommon trap: reason=class_check action=maybe_recompile pc=0x000001e0d88daa24 method=com.google.common.base.CharMatcher$Or.matches(C)Z @ 5 c2
Event: 844.619 Thread 0x000001e0ef869000 DEOPT PACKING pc=0x000001e0d88daa24 sp=0x00000002d95f7df0
Event: 844.619 Thread 0x000001e0ef869000 DEOPT UNPACKING pc=0x000001e0d050912f sp=0x00000002d95f7d88 mode 2
Event: 844.619 Thread 0x000001e0ef869000 Uncommon trap: trap_request=0xffffffde fr.pc=0x000001e0d88daa24 relative=0x00000000000000c4
Event: 844.619 Thread 0x000001e0ef869000 Uncommon trap: reason=class_check action=maybe_recompile pc=0x000001e0d88daa24 method=com.google.common.base.CharMatcher$Or.matches(C)Z @ 5 c2
Event: 844.619 Thread 0x000001e0ef869000 DEOPT PACKING pc=0x000001e0d88daa24 sp=0x00000002d95f7ed0
Event: 844.619 Thread 0x000001e0ef869000 DEOPT UNPACKING pc=0x000001e0d050912f sp=0x00000002d95f7e68 mode 2

Classes unloaded (20 events):
Event: 776.637 Thread 0x000001e0e351e000 Unloading class 0x0000000800c34040 'java/lang/invoke/LambdaForm$DMH'
Event: 776.637 Thread 0x000001e0e351e000 Unloading class 0x0000000800c35440 'java/lang/invoke/LambdaForm$DMH'
Event: 776.637 Thread 0x000001e0e351e000 Unloading class 0x0000000800c36040 'java/lang/invoke/LambdaForm$MH'
Event: 776.637 Thread 0x000001e0e351e000 Unloading class 0x0000000800c36c40 'java/lang/invoke/LambdaForm$MH'
Event: 776.637 Thread 0x000001e0e351e000 Unloading class 0x0000000800c36840 'java/lang/invoke/LambdaForm$MH'
Event: 776.637 Thread 0x000001e0e351e000 Unloading class 0x0000000800c37440 'java/lang/invoke/LambdaForm$MH'
Event: 776.637 Thread 0x000001e0e351e000 Unloading class 0x0000000800c37040 'java/lang/invoke/LambdaForm$MH'
Event: 776.637 Thread 0x000001e0e351e000 Unloading class 0x0000000800c37c40 'java/lang/invoke/LambdaForm$MH'
Event: 776.637 Thread 0x000001e0e351e000 Unloading class 0x0000000800c37840 'java/lang/invoke/LambdaForm$MH'
Event: 776.637 Thread 0x000001e0e351e000 Unloading class 0x0000000800c30440 'java/lang/invoke/LambdaForm$MH'
Event: 776.637 Thread 0x000001e0e351e000 Unloading class 0x0000000800c2fc40 'java/lang/invoke/LambdaForm$MH'
Event: 776.637 Thread 0x000001e0e351e000 Unloading class 0x0000000800c2f840 'java/lang/invoke/LambdaForm$MH'
Event: 776.637 Thread 0x000001e0e351e000 Unloading class 0x0000000800c2f440 'java/lang/invoke/LambdaForm$MH'
Event: 776.637 Thread 0x000001e0e351e000 Unloading class 0x0000000800c2f040 'java/lang/invoke/LambdaForm$MH'
Event: 776.637 Thread 0x000001e0e351e000 Unloading class 0x0000000800c2e840 'java/lang/invoke/LambdaForm$MH'
Event: 776.637 Thread 0x000001e0e351e000 Unloading class 0x0000000800c2e440 'java/lang/invoke/LambdaForm$MH'
Event: 776.637 Thread 0x000001e0e351e000 Unloading class 0x0000000800bb5040 'java/lang/invoke/LambdaForm$MH'
Event: 776.637 Thread 0x000001e0e351e000 Unloading class 0x0000000800bb5c40 'java/lang/invoke/LambdaForm$MH'
Event: 776.637 Thread 0x000001e0e351e000 Unloading class 0x0000000800bb6440 'java/lang/invoke/LambdaForm$MH'
Event: 776.637 Thread 0x000001e0e351e000 Unloading class 0x0000000800bb7040 'java/lang/invoke/LambdaForm$MH'

Classes redefined (0 events):
No events

Internal exceptions (20 events):
Event: 781.738 Thread 0x000001e0eb039800 Exception <a 'java/lang/NoSuchMethodError'{0x00000000ed419458}: static Lorg/gradle/api/internal/tasks/testing/junit/AbstractJUnitSpec;.<clinit>()V> (0x00000000ed419458) 
thrown [./open/src/hotspot/share/prims/jni.cpp, line 1348]
Event: 781.742 Thread 0x000001e0eb039800 Exception <a 'java/lang/NoSuchMethodError'{0x00000000ed437160}: static [Ljava/lang/Object;.<clinit>()V> (0x00000000ed437160) 
thrown [./open/src/hotspot/share/prims/jni.cpp, line 1348]
Event: 781.763 Thread 0x000001e0eb03b800 Exception <a 'java/lang/NoSuchMethodError'{0x00000000ed4f83a0}: 'void java.lang.invoke.DirectMethodHandle$Holder.invokeStatic(java.lang.Object, long)'> (0x00000000ed4f83a0) 
thrown [./open/src/hotspot/share/interpreter/linkResolver.cpp, line 766]
Event: 781.765 Thread 0x000001e0eb03b800 Exception <a 'java/lang/NoSuchMethodError'{0x00000000ed302a98}: 'java.lang.Object java.lang.invoke.DirectMethodHandle$Holder.invokeStaticInit(java.lang.Object, java.lang.Object, long, java.lang.Object)'> (0x00000000ed302a98) 
thrown [./open/src/hotspot/share/interpreter/linkResolver.cpp, line 766]
Event: 781.766 Thread 0x000001e0eb03b800 Exception <a 'java/lang/NoSuchMethodError'{0x00000000ed308380}: 'java.lang.Object java.lang.invoke.Invokers$Holder.linkToTargetMethod(java.lang.Object, long, java.lang.Object)'> (0x00000000ed308380) 
thrown [./open/src/hotspot/share/interpreter/linkResolver.cpp, line 766]
Event: 781.847 Thread 0x000001e0eb037800 Exception <a 'java/io/IOException'{0x00000000ed378f38}> (0x00000000ed378f38) 
thrown [./open/src/hotspot/share/prims/jni.cpp, line 599]
Event: 781.852 Thread 0x000001e0eb03d000 Exception <a 'java/io/IOException'{0x00000000ed9b22f0}> (0x00000000ed9b22f0) 
thrown [./open/src/hotspot/share/prims/jni.cpp, line 599]
Event: 781.852 Thread 0x000001e0eb039800 Exception <a 'java/lang/reflect/InvocationTargetException'{0x00000000ed4c0900}> (0x00000000ed4c0900) 
thrown [./open/src/hotspot/share/runtime/reflection.cpp, line 1188]
Event: 781.860 Thread 0x000001e0e578e000 Exception <a 'java/lang/reflect/InvocationTargetException'{0x00000000ed2c6358}> (0x00000000ed2c6358) 
thrown [./open/src/hotspot/share/runtime/reflection.cpp, line 1188]
Event: 781.863 Thread 0x000001e0ead3e000 Exception <a 'java/lang/NoSuchMethodError'{0x00000000ed137a00}: static [Ljava/lang/StackTraceElement;.<clinit>()V> (0x00000000ed137a00) 
thrown [./open/src/hotspot/share/prims/jni.cpp, line 1348]
Event: 781.867 Thread 0x000001e0ead3e000 Exception <a 'java/lang/NoSuchMethodError'{0x00000000ed1753e0}: static [B.<clinit>()V> (0x00000000ed1753e0) 
thrown [./open/src/hotspot/share/prims/jni.cpp, line 1348]
Event: 781.965 Thread 0x000001e0ead39800 Implicit null exception at 0x000001e0d8ab15d5 to 0x000001e0d8ab3f9c
Event: 781.993 Thread 0x000001e0ead38000 Exception <a 'java/lang/NoSuchMethodError'{0x00000000ecaf93c8}: static Lorg/gradle/tooling/internal/provider/serialization/ClassLoaderDetails;.<clinit>()V> (0x00000000ecaf93c8) 
thrown [./open/src/hotspot/share/prims/jni.cpp, line 1348]
Event: 781.994 Thread 0x000001e0ead38000 Exception <a 'java/lang/NoSuchMethodError'{0x00000000ec909a58}: static Lorg/gradle/tooling/internal/provider/serialization/WellKnownClassLoaderRegistry$KnownClassLoaderSpec;.<clinit>()V> (0x00000000ec909a58) 
thrown [./open/src/hotspot/share/prims/jni.cpp, line 1348]
Event: 781.994 Thread 0x000001e0ead38000 Exception <a 'java/lang/NoSuchMethodError'{0x00000000ec90b458}: static Lorg/gradle/internal/classloader/ClassLoaderSpec;.<clinit>()V> (0x00000000ec90b458) 
thrown [./open/src/hotspot/share/prims/jni.cpp, line 1348]
Event: 781.996 Thread 0x000001e0ead38000 Exception <a 'java/lang/NoSuchMethodError'{0x00000000ec91d398}: static Lorg/gradle/internal/classloader/ClassLoaderSpec;.<clinit>()V> (0x00000000ec91d398) 
thrown [./open/src/hotspot/share/prims/jni.cpp, line 1348]
Event: 781.996 Thread 0x000001e0ead38000 Exception <a 'java/lang/NoSuchMethodError'{0x00000000ec929128}: static Lorg/gradle/internal/classloader/VisitableURLClassLoader$Spec;.<clinit>()V> (0x00000000ec929128) 
thrown [./open/src/hotspot/share/prims/jni.cpp, line 1348]
Event: 844.582 Thread 0x000001e0ef869000 Implicit null exception at 0x000001e0d89c7975 to 0x000001e0d89c7e50
Event: 844.582 Thread 0x000001e0ef869000 Implicit null exception at 0x000001e0d86dc5ab to 0x000001e0d86dc6d0
Event: 844.649 Thread 0x000001e0ef869000 Exception <a 'java/lang/NoSuchMethodError'{0x00000000ec15b520}: 'java.lang.Object java.lang.invoke.DelegatingMethodHandle$Holder.reinvoke_L(java.lang.Object, java.lang.Object, java.lang.Object, java.lang.Object, java.lang.Object, java.lang.Object, java.lang.Object, java.lang.Object, java.lang.Object, java.lang.Object, java.lang.Object, java.lang.Object, java.lang.Object, java.lang.Object, java.lang.Object, java.lang.Object, java.lang.Object, java.lang.Object, java.lang.Object, java.lang.Object)'> (0x000000

Events (20 events):
Event: 844.591 Executing VM operation: HandshakeOneThread
Event: 844.591 Executing VM operation: HandshakeOneThread done
Event: 844.591 Executing VM operation: HandshakeOneThread
Event: 844.591 Executing VM operation: HandshakeOneThread done
Event: 844.591 Executing VM operation: HandshakeOneThread
Event: 844.591 Executing VM operation: HandshakeOneThread done
Event: 844.591 Executing VM operation: BulkRevokeBias
Event: 844.593 Executing VM operation: BulkRevokeBias done
Event: 844.594 Executing VM operation: HandshakeOneThread
Event: 844.594 Executing VM operation: HandshakeOneThread done
Event: 844.594 Executing VM operation: HandshakeOneThread
Event: 844.594 Executing VM operation: HandshakeOneThread done
Event: 844.595 Executing VM operation: BulkRevokeBias
Event: 844.596 Executing VM operation: BulkRevokeBias done
Event: 844.600 Thread 0x000001e0ef86c800 Thread added: 0x000001e0ef86c800
Event: 844.646 Thread 0x000001e0ef873000 Thread added: 0x000001e0ef873000
Event: 844.649 Executing VM operation: HandshakeOneThread
Event: 844.649 Executing VM operation: HandshakeOneThread done
Event: 844.650 Executing VM operation: HandshakeOneThread
Event: 844.650 Executing VM operation: HandshakeOneThread done


Dynamic libraries:
0x00007ff67d110000 - 0x00007ff67d11f000 	C:\Program Files\Java\jdk-14.0.2\bin\java.exe
0x00007ffbbb110000 - 0x00007ffbbb305000 	C:\WINDOWS\SYSTEM32\ntdll.dll
0x00007ffbb9410000 - 0x00007ffbb94cd000 	C:\WINDOWS\System32\KERNEL32.DLL
0x00007ffbb8c50000 - 0x00007ffbb8f19000 	C:\WINDOWS\System32\KERNELBASE.dll
0x00007ffbb8a70000 - 0x00007ffbb8b70000 	C:\WINDOWS\System32\ucrtbase.dll
0x00007ffb91560000 - 0x00007ffb91575000 	C:\Program Files\Java\jdk-14.0.2\bin\VCRUNTIME140.dll
0x00007ffb991e0000 - 0x00007ffb991f8000 	C:\Program Files\Java\jdk-14.0.2\bin\jli.dll
0x00007ffbb9360000 - 0x00007ffbb940c000 	C:\WINDOWS\System32\ADVAPI32.dll
0x00007ffbb9170000 - 0x00007ffbb920e000 	C:\WINDOWS\System32\msvcrt.dll
0x00007ffbb9b90000 - 0x00007ffbb9c2b000 	C:\WINDOWS\System32\sechost.dll
0x00007ffbba690000 - 0x00007ffbba7ba000 	C:\WINDOWS\System32\RPCRT4.dll
0x00007ffbbab40000 - 0x00007ffbbace0000 	C:\WINDOWS\System32\USER32.dll
0x00007ffba60e0000 - 0x00007ffba637a000 	C:\WINDOWS\WinSxS\amd64_microsoft.windows.common-controls_6595b64144ccf1df_6.0.19041.1110_none_60b5254171f9507e\COMCTL32.dll
0x00007ffbb8a40000 - 0x00007ffbb8a62000 	C:\WINDOWS\System32\win32u.dll
0x00007ffbb9d60000 - 0x00007ffbb9d8a000 	C:\WINDOWS\System32\GDI32.dll
0x00007ffbb9060000 - 0x00007ffbb916b000 	C:\WINDOWS\System32\gdi32full.dll
0x00007ffbb8840000 - 0x00007ffbb88dd000 	C:\WINDOWS\System32\msvcp_win.dll
0x00007ffbb03b0000 - 0x00007ffbb03ba000 	C:\WINDOWS\SYSTEM32\VERSION.dll
0x00007ffbb9210000 - 0x00007ffbb9240000 	C:\WINDOWS\System32\IMM32.DLL
0x00007ffb85fc0000 - 0x00007ffb8605b000 	C:\Program Files\Java\jdk-14.0.2\bin\msvcp140.dll
0x00007ffb57270000 - 0x00007ffb57d8e000 	C:\Program Files\Java\jdk-14.0.2\bin\server\jvm.dll
0x00007ffbbb0c0000 - 0x00007ffbbb0c8000 	C:\WINDOWS\System32\PSAPI.DLL
0x00007ffbb40a0000 - 0x00007ffbb40a9000 	C:\WINDOWS\SYSTEM32\WSOCK32.dll
0x00007ffbad860000 - 0x00007ffbad887000 	C:\WINDOWS\SYSTEM32\WINMM.dll
0x00007ffbb9cf0000 - 0x00007ffbb9d5b000 	C:\WINDOWS\System32\WS2_32.dll
0x00007ffbb67e0000 - 0x00007ffbb67f2000 	C:\WINDOWS\SYSTEM32\kernel.appcore.dll
0x00007ffbb0f90000 - 0x00007ffbb0f9a000 	C:\Program Files\Java\jdk-14.0.2\bin\jimage.dll
0x00007ffbb6280000 - 0x00007ffbb6464000 	C:\WINDOWS\SYSTEM32\DBGHELP.DLL
0x00007ffba3e10000 - 0x00007ffba3e3c000 	C:\WINDOWS\SYSTEM32\dbgcore.DLL
0x00007ffbb8f20000 - 0x00007ffbb8fa3000 	C:\WINDOWS\System32\bcryptPrimitives.dll
0x00007ffb903f0000 - 0x00007ffb90415000 	C:\Program Files\Java\jdk-14.0.2\bin\java.dll
0x00007ffb8eae0000 - 0x00007ffb8eaf6000 	C:\Program Files\Java\jdk-14.0.2\bin\zip.dll
0x00007ffbb9da0000 - 0x00007ffbba4df000 	C:\WINDOWS\System32\SHELL32.dll
0x00007ffbb6950000 - 0x00007ffbb70e0000 	C:\WINDOWS\SYSTEM32\windows.storage.dll
0x00007ffbba7c0000 - 0x00007ffbbab15000 	C:\WINDOWS\System32\combase.dll
0x00007ffbb81d0000 - 0x00007ffbb81fc000 	C:\WINDOWS\SYSTEM32\Wldp.dll
0x00007ffbba4e0000 - 0x00007ffbba58e000 	C:\WINDOWS\System32\SHCORE.dll
0x00007ffbb9c30000 - 0x00007ffbb9c85000 	C:\WINDOWS\System32\shlwapi.dll
0x00007ffbb8780000 - 0x00007ffbb879f000 	C:\WINDOWS\SYSTEM32\profapi.dll
0x00007ffb8d290000 - 0x00007ffb8d2a9000 	C:\Program Files\Java\jdk-14.0.2\bin\net.dll
0x00007ffba6530000 - 0x00007ffba6638000 	C:\WINDOWS\SYSTEM32\WINHTTP.dll
0x00007ffbb7f30000 - 0x00007ffbb7f9a000 	C:\WINDOWS\system32\mswsock.dll
0x00007ffb8d270000 - 0x00007ffb8d282000 	C:\Program Files\Java\jdk-14.0.2\bin\nio.dll
0x00007ffba7030000 - 0x00007ffba7040000 	C:\Program Files\Java\jdk-14.0.2\bin\verify.dll
0x00007ffb927a0000 - 0x00007ffb927c7000 	C:\Users\tarek\.gradle\native\e1d6ef7f7dcc3fd88c89a11ec53ec762bb8ba0a96d01ffa2cd45eb1d1d8dd5c5\windows-amd64\native-platform.dll
0x00007ffb85c10000 - 0x00007ffb85d54000 	C:\Users\tarek\.gradle\native\5664cfc778a61ccfe75a443a1ab52a65af34e5dc3c78e0209fed803814484fcb\windows-amd64\native-platform-file-events.dll
0x00007ffb9e250000 - 0x00007ffb9e259000 	C:\Program Files\Java\jdk-14.0.2\bin\management.dll
0x00007ffb953a0000 - 0x00007ffb953ab000 	C:\Program Files\Java\jdk-14.0.2\bin\management_ext.dll
0x00007ffbb8120000 - 0x00007ffbb8138000 	C:\WINDOWS\SYSTEM32\CRYPTSP.dll
0x00007ffbb78b0000 - 0x00007ffbb78e4000 	C:\WINDOWS\system32\rsaenh.dll
0x00007ffbb8b70000 - 0x00007ffbb8b97000 	C:\WINDOWS\System32\bcrypt.dll
0x00007ffbb8740000 - 0x00007ffbb876e000 	C:\WINDOWS\SYSTEM32\USERENV.dll
0x00007ffbb8140000 - 0x00007ffbb814c000 	C:\WINDOWS\SYSTEM32\CRYPTBASE.dll
0x00007ffbb7c20000 - 0x00007ffbb7c5b000 	C:\WINDOWS\SYSTEM32\IPHLPAPI.DLL
0x00007ffbb9d90000 - 0x00007ffbb9d98000 	C:\WINDOWS\System32\NSI.dll
0x00007ffbb6060000 - 0x00007ffbb6077000 	C:\WINDOWS\SYSTEM32\dhcpcsvc6.DLL
0x00007ffbb6040000 - 0x00007ffbb605d000 	C:\WINDOWS\SYSTEM32\dhcpcsvc.DLL
0x00007ffbb7c60000 - 0x00007ffbb7d2c000 	C:\WINDOWS\SYSTEM32\DNSAPI.dll
0x00007ffb8d240000 - 0x00007ffb8d265000 	C:\Program Files\Java\jdk-14.0.2\bin\sunec.dll
0x00007ffbb4010000 - 0x00007ffbb401e000 	C:\Program Files\Java\jdk-14.0.2\bin\sunmscapi.dll
0x00007ffbb88e0000 - 0x00007ffbb8a3f000 	C:\WINDOWS\System32\CRYPT32.dll
0x00007ffbb8240000 - 0x00007ffbb8267000 	C:\WINDOWS\SYSTEM32\ncrypt.dll
0x00007ffbb8200000 - 0x00007ffbb823b000 	C:\WINDOWS\SYSTEM32\NTASN1.dll
0x00007ffba5990000 - 0x00007ffba599a000 	C:\Windows\System32\rasadhlp.dll
0x00007ffba5ae0000 - 0x00007ffba5b5f000 	C:\WINDOWS\System32\fwpuclnt.dll

dbghelp: loaded successfully - version: 4.0.5 - missing functions: none
symbol engine: initialized successfully - sym options: 0x614 - pdb path: .;C:\Program Files\Java\jdk-14.0.2\bin;C:\WINDOWS\SYSTEM32;C:\WINDOWS\WinSxS\amd64_microsoft.windows.common-controls_6595b64144ccf1df_6.0.19041.1110_none_60b5254171f9507e;C:\Program Files\Java\jdk-14.0.2\bin\server;C:\Users\tarek\.gradle\native\e1d6ef7f7dcc3fd88c89a11ec53ec762bb8ba0a96d01ffa2cd45eb1d1d8dd5c5\windows-amd64;C:\Users\tarek\.gradle\native\5664cfc778a61ccfe75a443a1ab52a65af34e5dc3c78e0209fed803814484fcb\windows-amd64

VM Arguments:
jvm_args: -XX:MaxMetaspaceSize=256m -XX:+HeapDumpOnOutOfMemoryError --add-opens=java.base/java.util=ALL-UNNAMED --add-opens=java.base/java.lang=ALL-UNNAMED --add-opens=java.base/java.lang.invoke=ALL-UNNAMED --add-opens=java.base/java.util=ALL-UNNAMED --add-opens=java.prefs/java.util.prefs=ALL-UNNAMED --add-opens=java.prefs/java.util.prefs=ALL-UNNAMED --add-opens=java.base/java.nio.charset=ALL-UNNAMED --add-opens=java.base/java.net=ALL-UNNAMED --add-opens=java.base/java.util.concurrent.atomic=ALL-UNNAMED -Xms256m -Xmx512m -Dfile.encoding=windows-1252 -Duser.country=DE -Duser.language=de -Duser.variant 
java_command: org.gradle.launcher.daemon.bootstrap.GradleDaemon 7.2
java_class_path (initial): C:\Users\tarek\.gradle\wrapper\dists\gradle-7.2-bin\2dnblmf4td7x66yl1d74lt32g\gradle-7.2\lib\gradle-launcher-7.2.jar
Launcher Type: SUN_STANDARD

[Global flags]
     intx CICompilerCount                          = 4                                         {product} {ergonomic}
   size_t CompressedClassSpaceSize                 = 260046848                                 {product} {ergonomic}
     uint ConcGCThreads                            = 2                                         {product} {ergonomic}
     uint G1ConcRefinementThreads                  = 8                                         {product} {ergonomic}
   size_t G1HeapRegionSize                         = 1048576                                   {product} {ergonomic}
    uintx GCDrainStackTargetSize                   = 64                                        {product} {ergonomic}
     bool HeapDumpOnOutOfMemoryError               = true                                   {manageable} {command line}
   size_t InitialHeapSize                          = 268435456                                 {product} {command line}
   size_t MarkStackSize                            = 4194304                                   {product} {ergonomic}
   size_t MaxHeapSize                              = 536870912                                 {product} {command line}
   size_t MaxMetaspaceSize                         = 268435456                                 {product} {command line}
   size_t MaxNewSize                               = 321912832                                 {product} {ergonomic}
   size_t MinHeapDeltaBytes                        = 1048576                                   {product} {ergonomic}
   size_t MinHeapSize                              = 268435456                                 {product} {command line}
    uintx NonNMethodCodeHeapSize                   = 5839372                                {pd product} {ergonomic}
    uintx NonProfiledCodeHeapSize                  = 122909434                              {pd product} {ergonomic}
    uintx ProfiledCodeHeapSize                     = 122909434                              {pd product} {ergonomic}
    uintx ReservedCodeCacheSize                    = 251658240                              {pd product} {ergonomic}
     bool SegmentedCodeCache                       = true                                      {product} {ergonomic}
   size_t SoftMaxHeapSize                          = 536870912                              {manageable} {ergonomic}
     bool UseCompressedClassPointers               = true                                 {lp64_product} {ergonomic}
     bool UseCompressedOops                        = true                                 {lp64_product} {ergonomic}
     bool UseG1GC                                  = true                                      {product} {ergonomic}
     bool UseLargePagesIndividualAllocation        = false                                  {pd product} {ergonomic}

Logging:
Log output configuration:
 #0: stdout all=warning uptime,level,tags
 #1: stderr all=off uptime,level,tags

Environment Variables:
JAVA_HOME=C:\Program Files\Java\jdk-14.0.2
PATH=C:\WINDOWS\system32;C:\WINDOWS;C:\WINDOWS\System32\Wbem;C:\WINDOWS\System32\WindowsPowerShell\v1.0\;C:\WINDOWS\System32\OpenSSH\;C:\ProgramData\chocolatey\bin;C:\Program Files\Git\cmd;C:\Program Files\Java\jdk-14.0.2\bin;C:\Ruby27-x64\bin;C:\Users\tarek\AppData\Local\Microsoft\WindowsApps;C:\Users\tarek\AppData\Local\atom\bin;C:\Users\tarek\AppData\Local\Microsoft\WindowsApps;C:\Program Files\JetBrains\IntelliJ IDEA 2021.1\bin;;C:\Program Files\Java\jdk-14.0.2\bin;
USERNAME=tarek
OS=Windows_NT
PROCESSOR_IDENTIFIER=AMD64 Family 23 Model 17 Stepping 0, AuthenticAMD



---------------  S Y S T E M  ---------------

OS: Windows 10 , 64 bit Build 19041 (10.0.19041.1151)
OS uptime: 2 days 6:07 hours

CPU:total 8 (initial active 8) (8 cores per cpu, 2 threads per core) family 23 model 17 stepping 0, cmov, cx8, fxsr, mmx, sse, sse2, sse3, ssse3, sse4.1, sse4.2, popcnt, avx, avx2, aes, clmul, mmxext, 3dnowpref, lzcnt, sse4a, ht, tsc, tscinvbit, tscinv, bmi1, bmi2, adx, sha, fma

Memory: 4k page, system-wide physical 7124M (351M free)
TotalPageFile size 11220M (AvailPageFile size 2M)
current process WorkingSet (physical memory assigned to process): 509M, peak: 551M
current process commit charge ("private bytes"): 551M, peak: 597M

vm_info: Java HotSpot(TM) 64-Bit Server VM (14.0.2+12-46) for windows-amd64 JRE (14.0.2+12-46), built on Jul  9 2020 00:35:52 by "mach5one" with MS VC++ 15.9 (VS2017)

END.
