#
# There is insufficient memory for the Java Runtime Environment to continue.
# Native memory allocation (mmap) failed to map 117440512 bytes for G1 virtual space
# Possible reasons:
#   The system is out of physical RAM or swap space
#   The process is running with CompressedOops enabled, and the Java Heap may be blocking the growth of the native heap
# Possible solutions:
#   Reduce memory load on the system
#   Increase physical memory or swap space
#   Check if swap backing store is full
#   Decrease Java heap size (-Xmx/-Xms)
#   Decrease number of Java threads
#   Decrease Java thread stack sizes (-Xss)
#   Set larger code cache with -XX:ReservedCodeCacheSize=
#   JVM is running with Unscaled Compressed Oops mode in which the Java heap is
#     placed in the first 4GB address space. The Java Heap base address is the
#     maximum limit for the native heap growth. Please use -XX:HeapBaseMinAddress
#     to set the Java Heap base and to place the Java Heap above 4GB virtual address.
# This output file may be truncated or incomplete.
#
#  Out of Memory Error (os_windows.cpp:3466), pid=13176, tid=16712
#
# JRE version:  (16.0+36) (build )
# Java VM: Java HotSpot(TM) 64-Bit Server VM (16+36-2231, mixed mode, sharing, tiered, compressed oops, g1 gc, windows-amd64)
# No core dump will be written. Minidumps are not enabled by default on client versions of Windows
#

---------------  S U M M A R Y ------------

Command Line: -XX:TieredStopAtLevel=1 -Xverify:none -Dspring.output.ansi.enabled=always -javaagent:C:\Program Files\JetBrains\IntelliJ IDEA 2021.2.3\lib\idea_rt.jar=54699:C:\Program Files\JetBrains\IntelliJ IDEA 2021.2.3\bin -Dcom.sun.management.jmxremote -Dspring.jmx.enabled=true -Dspring.liveBeansView.mbeanDomain -Dspring.application.admin.enabled=true -Dfile.encoding=UTF-8 com.example.htw.berlin.webtech.demo.Application

Host: AMD Ryzen 5 2500U with Radeon Vega Mobile Gfx  , 8 cores, 6G,  Windows 10 , 64 bit Build 19041 (10.0.19041.1202)
Time: Fri Oct 29 15:04:19 2021 Mitteleuropäische Sommerzeit elapsed time: 0.024119 seconds (0d 0h 0m 0s)

---------------  T H R E A D  ---------------

Current thread (0x000002600a298330):  JavaThread "Unknown thread" [_thread_in_vm, id=16712, stack(0x000000e7a0700000,0x000000e7a0800000)]

Stack: [0x000000e7a0700000,0x000000e7a0800000]
Native frames: (J=compiled Java code, j=interpreted, Vv=VM code, C=native code)
V  [jvm.dll+0x6681da]
V  [jvm.dll+0x7c9d99]
V  [jvm.dll+0x7cb4d3]
V  [jvm.dll+0x7cbb33]
V  [jvm.dll+0x242ee5]
V  [jvm.dll+0x664f99]
V  [jvm.dll+0x659b85]
V  [jvm.dll+0x2fbfcb]
V  [jvm.dll+0x3031c6]
V  [jvm.dll+0x352a0e]
V  [jvm.dll+0x352c3f]
V  [jvm.dll+0x2d3038]
V  [jvm.dll+0x2d4274]
V  [jvm.dll+0x79c691]
V  [jvm.dll+0x3607b1]
V  [jvm.dll+0x77a370]
V  [jvm.dll+0x3e501f]
V  [jvm.dll+0x3e6af1]
C  [jli.dll+0x52fb]
C  [ucrtbase.dll+0x21bb2]
C  [KERNEL32.DLL+0x17034]
C  [ntdll.dll+0x52651]


---------------  P R O C E S S  ---------------

Threads class SMR info:
_java_thread_list=0x00007ffa8ac6cbb8, length=0, elements={
}

Java Threads: ( => current thread )

Other Threads:
  0x000002600a2d2b40 GCTaskThread "GC Thread#0" [stack: 0x000000e7a0800000,0x000000e7a0900000] [id=18392]
  0x000002600a2e1b40 ConcurrentGCThread "G1 Main Marker" [stack: 0x000000e7a0900000,0x000000e7a0a00000] [id=2768]
  0x000002600a2e41d0 ConcurrentGCThread "G1 Conc#0" [stack: 0x000000e7a0a00000,0x000000e7a0b00000] [id=332]

[error occurred during error reporting (printing all threads), id 0xc0000005, EXCEPTION_ACCESS_VIOLATION (0xc0000005) at pc=0x00007ffa8a443ef7]

VM state: not at safepoint (not fully initialized)

VM Mutex/Monitor currently owned by a thread:  ([mutex/lock_event])
[0x000002600a295000] Heap_lock - owner thread: 0x000002600a298330

Heap address: 0x0000000090a00000, size: 1782 MB, Compressed Oops mode: 32-bit
CDS archive(s) mapped at: [0x0000000000000000-0x0000000000000000-0x0000000000000000), size 0, SharedBaseAddress: 0x0000000800000000, ArchiveRelocationMode: 0.
Narrow klass base: 0x0000000000000000, Narrow klass shift: 0, Narrow klass range: 0x0

GC Precious Log:
<Empty>

Heap:
 garbage-first heap   total 0K, used 0K [0x0000000090a00000, 0x0000000100000000)
  region size 1024K, 0 young (0K), 0 survivors (0K)

[error occurred during error reporting (printing heap information), id 0xc0000005, EXCEPTION_ACCESS_VIOLATION (0xc0000005) at pc=0x00007ffa8a821edd]

GC Heap History (0 events):
No events

Deoptimization events (0 events):
No events

Classes unloaded (0 events):
No events

Classes redefined (0 events):
No events

Internal exceptions (0 events):
No events

Events (1 events):
Event: 0.017 Loaded shared library C:\Program Files\Java\jdk-16\bin\java.dll


Dynamic libraries:
0x00007ff70eb50000 - 0x00007ff70eb60000 	C:\Program Files\Java\jdk-16\bin\java.exe
0x00007ffada8f0000 - 0x00007ffadaae5000 	C:\WINDOWS\SYSTEM32\ntdll.dll
0x00007ffad9c30000 - 0x00007ffad9cee000 	C:\WINDOWS\System32\KERNEL32.DLL
0x00007ffad8670000 - 0x00007ffad8939000 	C:\WINDOWS\System32\KERNELBASE.dll
0x00007ffad8230000 - 0x00007ffad8330000 	C:\WINDOWS\System32\ucrtbase.dll
0x00007ffac4280000 - 0x00007ffac4298000 	C:\Program Files\Java\jdk-16\bin\jli.dll
0x00007ffac40d0000 - 0x00007ffac40e9000 	C:\Program Files\Java\jdk-16\bin\VCRUNTIME140.dll
0x00007ffad9b80000 - 0x00007ffad9c2c000 	C:\WINDOWS\System32\ADVAPI32.dll
0x00007ffad8940000 - 0x00007ffad89de000 	C:\WINDOWS\System32\msvcrt.dll
0x00007ffada810000 - 0x00007ffada8ab000 	C:\WINDOWS\System32\sechost.dll
0x00007ffada6e0000 - 0x00007ffada80a000 	C:\WINDOWS\System32\RPCRT4.dll
0x00007ffad8b10000 - 0x00007ffad8cb1000 	C:\WINDOWS\System32\USER32.dll
0x00007ffad8120000 - 0x00007ffad8142000 	C:\WINDOWS\System32\win32u.dll
0x00007ffad92e0000 - 0x00007ffad930b000 	C:\WINDOWS\System32\GDI32.dll
0x00007ffac5af0000 - 0x00007ffac5d8a000 	C:\WINDOWS\WinSxS\amd64_microsoft.windows.common-controls_6595b64144ccf1df_6.0.19041.1110_none_60b5254171f9507e\COMCTL32.dll
0x00007ffad8400000 - 0x00007ffad850b000 	C:\WINDOWS\System32\gdi32full.dll
0x00007ffad8360000 - 0x00007ffad83fd000 	C:\WINDOWS\System32\msvcp_win.dll
0x00007ffacfb40000 - 0x00007ffacfb4a000 	C:\WINDOWS\SYSTEM32\VERSION.dll
0x00007ffad9ea0000 - 0x00007ffad9ed0000 	C:\WINDOWS\System32\IMM32.DLL
0x00007ffad1ae0000 - 0x00007ffad1aec000 	C:\Program Files\Java\jdk-16\bin\vcruntime140_1.dll
0x00007ffaa9390000 - 0x00007ffaa9421000 	C:\Program Files\Java\jdk-16\bin\msvcp140.dll
0x00007ffa8a160000 - 0x00007ffa8ad0b000 	C:\Program Files\Java\jdk-16\bin\server\jvm.dll
0x00007ffad9ed0000 - 0x00007ffad9ed8000 	C:\WINDOWS\System32\PSAPI.DLL
0x00007ffacd7d0000 - 0x00007ffacd7f7000 	C:\WINDOWS\SYSTEM32\WINMM.dll
0x00007ffad3a80000 - 0x00007ffad3a89000 	C:\WINDOWS\SYSTEM32\WSOCK32.dll
0x00007ffad9310000 - 0x00007ffad937b000 	C:\WINDOWS\System32\WS2_32.dll
0x00007ffad5f10000 - 0x00007ffad5f22000 	C:\WINDOWS\SYSTEM32\kernel.appcore.dll
0x00007ffad1a50000 - 0x00007ffad1a5a000 	C:\Program Files\Java\jdk-16\bin\jimage.dll
0x00007ffad58f0000 - 0x00007ffad5ad4000 	C:\WINDOWS\SYSTEM32\DBGHELP.DLL
0x00007ffac5680000 - 0x00007ffac56ac000 	C:\WINDOWS\SYSTEM32\dbgcore.DLL
0x00007ffad81a0000 - 0x00007ffad8223000 	C:\WINDOWS\System32\bcryptPrimitives.dll
0x00007ffac43c0000 - 0x00007ffac43ce000 	C:\Program Files\Java\jdk-16\bin\instrument.dll
0x00007ffab9550000 - 0x00007ffab9575000 	C:\Program Files\Java\jdk-16\bin\java.dll

dbghelp: loaded successfully - version: 4.0.5 - missing functions: none
symbol engine: initialized successfully - sym options: 0x614 - pdb path: .;C:\Program Files\Java\jdk-16\bin;C:\WINDOWS\SYSTEM32;C:\WINDOWS\WinSxS\amd64_microsoft.windows.common-controls_6595b64144ccf1df_6.0.19041.1110_none_60b5254171f9507e;C:\Program Files\Java\jdk-16\bin\server

VM Arguments:
jvm_args: -XX:TieredStopAtLevel=1 -Xverify:none -Dspring.output.ansi.enabled=always -javaagent:C:\Program Files\JetBrains\IntelliJ IDEA 2021.2.3\lib\idea_rt.jar=54699:C:\Program Files\JetBrains\IntelliJ IDEA 2021.2.3\bin -Dcom.sun.management.jmxremote -Dspring.jmx.enabled=true -Dspring.liveBeansView.mbeanDomain -Dspring.application.admin.enabled=true -Dfile.encoding=UTF-8 
java_command: com.example.htw.berlin.webtech.demo.Application
java_class_path (initial): C:\Users\tarek\webtech\build\classes\java\main;C:\Users\tarek\webtech\build\resources\main;C:\Users\tarek\.gradle\caches\modules-2\files-2.1\org.springframework.boot\spring-boot-starter-thymeleaf\2.5.5\d3e44e50b15ff0950e76372777b351b18e3ebc1\spring-boot-starter-thymeleaf-2.5.5.jar;C:\Users\tarek\.gradle\caches\modules-2\files-2.1\org.springframework.boot\spring-boot-starter-web\2.5.5\c09bf133d22c865d6ce4d67ff48aece7ff1defb1\spring-boot-starter-web-2.5.5.jar;C:\Users\tarek\.gradle\caches\modules-2\files-2.1\org.springframework.boot\spring-boot-starter\2.5.5\8657d6f1f00002e8a839fc35fe2f2cd7fc09b72a\spring-boot-starter-2.5.5.jar;C:\Users\tarek\.gradle\caches\modules-2\files-2.1\org.thymeleaf\thymeleaf-spring5\3.0.12.RELEASE\aa640b214411978a23cbe271c3fb9569d1bda608\thymeleaf-spring5-3.0.12.RELEASE.jar;C:\Users\tarek\.gradle\caches\modules-2\files-2.1\org.thymeleaf.extras\thymeleaf-extras-java8time\3.0.4.RELEASE\36e7175ddce36c486fff4578b5af7bb32f54f5df\thymeleaf-extras-java8time-3.0.4.RELEASE.jar;C:\Users\tarek\.gradle\caches\modules-2\files-2.1\org.springframework.boot\spring-boot-starter-json\2.5.5\11923b2b5ca33c6c849952ed1bd47a77c9ec0a85\spring-boot-starter-json-2.5.5.jar;C:\Users\tarek\.gradle\caches\modules-2\files-2.1\org.springframework.boot\spring-boot-starter-tomcat\2.5.5\3fb58add8060ff5a6a17e08eeabca1e823c2f04a\spring-boot-starter-tomcat-2.5.5.jar;C:\Users\tarek\.gradle\caches\modules-2\files-2.1\org.springframework\spring-webmvc\5.3.10\d8a26ccc0fb4788c05eca148be8ee987d554a9d2\spring-webmvc-5.3.10.jar;C:\Users\tarek\.gradle\caches\modules-2\files-2.1\org.springframework\spring-web\5.3.10\31984cef4b5d38f2711cf870994c43e89619ff4e\spring-web-5.3.10.jar;C:\Users\tarek\.gradle\caches\modules-2\files-2.1\org.springframework.boot\spring-boot-autoconfigure\2.5.5\350511c5612eea8df4ef0f95e2c1b3ff3ea962e8\spring-boot-autoconfigure-2.5.5.jar;C:\Users\tarek\.gradle\caches\modules-2\files-2.1\org.springframework.boot\spring-boot\2.5.5\c6335b6e1af
Launcher Type: SUN_STANDARD

[Global flags]
     intx CICompilerCount                          = 4                                         {product} {ergonomic}
     uint ConcGCThreads                            = 2                                         {product} {ergonomic}
     uint G1ConcRefinementThreads                  = 8                                         {product} {ergonomic}
   size_t G1HeapRegionSize                         = 1048576                                   {product} {ergonomic}
    uintx GCDrainStackTargetSize                   = 64                                        {product} {ergonomic}
   size_t InitialHeapSize                          = 117440512                                 {product} {ergonomic}
     bool ManagementServer                         = true                                      {product} {command line}
   size_t MarkStackSize                            = 4194304                                   {product} {ergonomic}
   size_t MaxHeapSize                              = 1868562432                                {product} {ergonomic}
   size_t MinHeapDeltaBytes                        = 1048576                                   {product} {ergonomic}
   size_t MinHeapSize                              = 8388608                                   {product} {ergonomic}
    uintx NonNMethodCodeHeapSize                   = 7549744                                {pd product} {ergonomic}
    uintx NonProfiledCodeHeapSize                  = 244108496                              {pd product} {ergonomic}
    uintx ProfiledCodeHeapSize                     = 0                                      {pd product} {ergonomic}
    uintx ReservedCodeCacheSize                    = 251658240                              {pd product} {ergonomic}
     bool SegmentedCodeCache                       = true                                      {product} {ergonomic}
   size_t SoftMaxHeapSize                          = 1868562432                             {manageable} {ergonomic}
     intx TieredStopAtLevel                        = 1                                         {product} {command line}
     bool UseCompressedClassPointers               = true                           {product lp64_product} {ergonomic}
     bool UseCompressedOops                        = true                           {product lp64_product} {ergonomic}
     bool UseG1GC                                  = true                                      {product} {ergonomic}
     bool UseLargePagesIndividualAllocation        = false                                  {pd product} {ergonomic}

Logging:
Log output configuration:
 #0: stdout all=warning uptime,level,tags
 #1: stderr all=off uptime,level,tags

Environment Variables:
JAVA_HOME=C:\Program Files\Java\jdk-16
PATH=C:\Program Files\Common Files\Oracle\Java\javapath;C:\WINDOWS\system32;C:\WINDOWS;C:\WINDOWS\System32\Wbem;C:\WINDOWS\System32\WindowsPowerShell\v1.0\;C:\WINDOWS\System32\OpenSSH\;C:\ProgramData\chocolatey\bin;C:\Program Files\Git\cmd;C:\Program Files\Java\jdk-14.0.2\bin;C:\Program Files\nodejs\;C:\Program Files\Java\jdk-16\bin;C:\Ruby27-x64\bin;C:\Users\tarek\AppData\Local\Microsoft\WindowsApps;C:\Users\tarek\AppData\Local\atom\bin;C:\Users\tarek\AppData\Local\Microsoft\WindowsApps;C:\Program Files\JetBrains\IntelliJ IDEA 2021.2.3\bin;;C:\Program Files\Java\jdk-14.0.2\bin;C:\Users\tarek\AppData\Roaming\npm;C:\Program Files\heroku\bin
USERNAME=tarek
OS=Windows_NT
PROCESSOR_IDENTIFIER=AMD64 Family 23 Model 17 Stepping 0, AuthenticAMD



---------------  S Y S T E M  ---------------

OS:
 Windows 10 , 64 bit Build 19041 (10.0.19041.1202)
OS uptime: 3 days 16:34 hours

CPU: total 8 (initial active 8) (8 cores per cpu, 2 threads per core) family 23 model 17 stepping 0 microcode 0x0, cx8, cmov, fxsr, ht, mmx, 3dnowpref, sse, sse2, sse3, ssse3, sse4a, sse4.1, sse4.2, popcnt, lzcnt, tsc, tscinvbit, avx, avx2, aes, clmul, bmi1, bmi2, adx, sha, fma, vzeroupper, clflush, clflushopt

Memory: 4k page, system-wide physical 7124M (504M free)
TotalPageFile size 11220M (AvailPageFile size 25M)
current process WorkingSet (physical memory assigned to process): 10M, peak: 10M
current process commit charge ("private bytes"): 57M, peak: 169M

vm_info: Java HotSpot(TM) 64-Bit Server VM (16+36-2231) for windows-amd64 JRE (16+36-2231), built on Feb  8 2021 11:43:10 by "mach5one" with MS VC++ 16.7 (VS2019)

END.
